{"logTime": "0512/032443", "correlationVector":"W0AgJMC4AVeDLmjnY1BeuX.8","action":"GetUpdates Response", "result":"Success", "context":Received 250 update(s). cV=W0AgJMC4AVeDLmjnY1BeuX.0;server=akswtt100000003;cloudType=Consumer;environment=Prod_brazilsouth_prod-s01-034-sam-brazilsouth;migrationStage=NotStarted Some updates remain.}
{"logTime": "0512/032443", "correlationVector":"Lt8bfKJVmrAR7ktj7gqyvC","action":"Initial GetUpdates", "result":"", "context":Reason: NEWLY_SUPPORTED_DATATYPE. cV=Lt8bfKJVmrAR7ktj7gqyvC}
{"logTime": "0512/032443", "correlationVector":"Lt8bfKJVmrAR7ktj7gqyvC.1","action":"SyncServerConnectionManagerRequest", "result":"SYNC_SERVER_OK", "context":{"environment":"Prod_brazilsouth_prod-s01-034-sam-brazilsouth", "migrationStage":"NotStarted", "server":"akswtt100000005"}}
{"logTime": "0512/032443", "correlationVector":"Lt8bfKJVmrAR7ktj7gqyvC.2","action":"ProcessGetUpdates", "result":"Done", "context":{"dataType":"Autofill Profiles", "deleted":"3", "process_failed_to_decrypt":"0", "process_pending_decryption":"0", "process_success":"4", "total":"4"}}
{"logTime": "0512/032443", "correlationVector":"Lt8bfKJVmrAR7ktj7gqyvC.3","action":"ProcessGetUpdates", "result":"Done", "context":{"dataType":"Autofill", "deleted":"0", "process_failed_to_decrypt":"0", "process_pending_decryption":"0", "process_success":"15", "total":"15"}}
{"logTime": "0512/032443", "correlationVector":"Lt8bfKJVmrAR7ktj7gqyvC.4","action":"ProcessGetUpdates", "result":"Done", "context":{"dataType":"Extensions", "deleted":"0", "process_failed_to_decrypt":"0", "process_pending_decryption":"0", "process_success":"1", "total":"1"}}
{"logTime": "0512/032443", "correlationVector":"Lt8bfKJVmrAR7ktj7gqyvC.5","action":"ProcessGetUpdates", "result":"Done", "context":{"dataType":"Sessions", "deleted":"155", "process_failed_to_decrypt":"0", "process_pending_decryption":"0", "process_success":"164", "total":"164"}}
{"logTime": "0512/032443", "correlationVector":"Lt8bfKJVmrAR7ktj7gqyvC.6","action":"ProcessGetUpdates", "result":"Done", "context":{"dataType":"Saved Tab Group", "deleted":"3", "process_failed_to_decrypt":"0", "process_pending_decryption":"0", "process_success":"3", "total":"3"}}
{"logTime": "0512/032443", "correlationVector":"Lt8bfKJVmrAR7ktj7gqyvC.7","action":"GetUpdates Response", "result":"Success", "context":Received 187 update(s). cV=Lt8bfKJVmrAR7ktj7gqyvC.0;server=akswtt100000005;cloudType=Consumer;environment=Prod_brazilsouth_prod-s01-034-sam-brazilsouth;migrationStage=NotStarted}
{"logTime": "0512/032443", "correlationVector":"eaEuFTZ6TIEtP+egrlqZaB","action":"Initial GetUpdates", "result":"", "context":Reason: NEWLY_SUPPORTED_DATATYPE. cV=eaEuFTZ6TIEtP+egrlqZaB}
{"logTime": "0512/032443", "correlationVector":"eaEuFTZ6TIEtP+egrlqZaB.1","action":"SyncServerConnectionManagerRequest", "result":"SYNC_SERVER_OK", "context":{"environment":"Prod_brazilsouth_prod-s01-034-sam-brazilsouth", "migrationStage":"NotStarted", "server":"akswtt100000002"}}
{"logTime": "0512/032443", "correlationVector":"eaEuFTZ6TIEtP+egrlqZaB.2","action":"ProcessGetUpdates", "result":"Done", "context":{"dataType":"History", "deleted":"0", "process_failed_to_decrypt":"0", "process_pending_decryption":"0", "process_success":"250", "total":"250"}}
{"logTime": "0512/032443", "correlationVector":"eaEuFTZ6TIEtP+egrlqZaB.3","action":"GetUpdates Response", "result":"Success", "context":Received 250 update(s). cV=eaEuFTZ6TIEtP+egrlqZaB.0;server=akswtt100000002;cloudType=Consumer;environment=Prod_brazilsouth_prod-s01-034-sam-brazilsouth;migrationStage=NotStarted Some updates remain.}
{"logTime": "0512/032443", "correlationVector":"m2ps1EFcV9tSHqGy0vwcpw","action":"Initial GetUpdates", "result":"", "context":Reason: NEWLY_SUPPORTED_DATATYPE. cV=m2ps1EFcV9tSHqGy0vwcpw}
{"logTime": "0512/032443", "correlationVector":"m2ps1EFcV9tSHqGy0vwcpw.1","action":"SyncServerConnectionManagerRequest", "result":"SYNC_SERVER_OK", "context":{"environment":"Prod_brazilsouth_prod-s01-034-sam-brazilsouth", "migrationStage":"NotStarted", "server":"akswtt100000009"}}
{"logTime": "0512/032443", "correlationVector":"m2ps1EFcV9tSHqGy0vwcpw.2","action":"ProcessGetUpdates", "result":"Done", "context":{"dataType":"History", "deleted":"0", "process_failed_to_decrypt":"0", "process_pending_decryption":"0", "process_success":"250", "total":"250"}}
{"logTime": "0512/032443", "correlationVector":"m2ps1EFcV9tSHqGy0vwcpw.3","action":"GetUpdates Response", "result":"Success", "context":Received 250 update(s). cV=m2ps1EFcV9tSHqGy0vwcpw.0;server=akswtt100000009;cloudType=Consumer;environment=Prod_brazilsouth_prod-s01-034-sam-brazilsouth;migrationStage=NotStarted Some updates remain.}
{"logTime": "0512/032443", "correlationVector":"N6OwRvQavAIxgknjxSkcn9","action":"Initial GetUpdates", "result":"", "context":Reason: NEWLY_SUPPORTED_DATATYPE. cV=N6OwRvQavAIxgknjxSkcn9}
{"logTime": "0512/032444", "correlationVector":"N6OwRvQavAIxgknjxSkcn9.1","action":"SyncServerConnectionManagerRequest", "result":"SYNC_SERVER_OK", "context":{"environment":"Prod_brazilsouth_prod-s01-034-sam-brazilsouth", "migrationStage":"NotStarted", "server":"akswtt100000002"}}
{"logTime": "0512/032444", "correlationVector":"N6OwRvQavAIxgknjxSkcn9.2","action":"ProcessGetUpdates", "result":"Done", "context":{"dataType":"History", "deleted":"0", "process_failed_to_decrypt":"0", "process_pending_decryption":"0", "process_success":"250", "total":"250"}}
{"logTime": "0512/032444", "correlationVector":"N6OwRvQavAIxgknjxSkcn9.3","action":"GetUpdates Response", "result":"Success", "context":Received 250 update(s). cV=N6OwRvQavAIxgknjxSkcn9.0;server=akswtt100000002;cloudType=Consumer;environment=Prod_brazilsouth_prod-s01-034-sam-brazilsouth;migrationStage=NotStarted Some updates remain.}
{"logTime": "0512/032444", "correlationVector":"csuzE2J9oNUGAaZcWxYkMH","action":"Initial GetUpdates", "result":"", "context":Reason: NEWLY_SUPPORTED_DATATYPE. cV=csuzE2J9oNUGAaZcWxYkMH}
{"logTime": "0512/032445", "correlationVector":"csuzE2J9oNUGAaZcWxYkMH.1","action":"SyncServerConnectionManagerRequest", "result":"SYNC_SERVER_OK", "context":{"environment":"Prod_brazilsouth_prod-s01-034-sam-brazilsouth", "migrationStage":"NotStarted", "server":"akswtt100000005"}}
{"logTime": "0512/032445", "correlationVector":"csuzE2J9oNUGAaZcWxYkMH.2","action":"ProcessGetUpdates", "result":"Done", "context":{"dataType":"History", "deleted":"0", "process_failed_to_decrypt":"0", "process_pending_decryption":"0", "process_success":"250", "total":"250"}}
{"logTime": "0512/032445", "correlationVector":"csuzE2J9oNUGAaZcWxYkMH.3","action":"GetUpdates Response", "result":"Success", "context":Received 250 update(s). cV=csuzE2J9oNUGAaZcWxYkMH.0;server=akswtt100000005;cloudType=Consumer;environment=Prod_brazilsouth_prod-s01-034-sam-brazilsouth;migrationStage=NotStarted Some updates remain.}
{"logTime": "0512/032445", "correlationVector":"DDJ7Zfp7CFHql+YWTdxbqk","action":"Initial GetUpdates", "result":"", "context":Reason: NEWLY_SUPPORTED_DATATYPE. cV=DDJ7Zfp7CFHql+YWTdxbqk}
{"logTime": "0512/032445", "correlationVector":"DDJ7Zfp7CFHql+YWTdxbqk.1","action":"SyncServerConnectionManagerRequest", "result":"SYNC_SERVER_OK", "context":{"environment":"Prod_brazilsouth_prod-s01-034-sam-brazilsouth", "migrationStage":"NotStarted", "server":"akswtt10000000h"}}
{"logTime": "0512/032445", "correlationVector":"DDJ7Zfp7CFHql+YWTdxbqk.2","action":"ProcessGetUpdates", "result":"Done", "context":{"dataType":"History", "deleted":"0", "process_failed_to_decrypt":"0", "process_pending_decryption":"0", "process_success":"250", "total":"250"}}
{"logTime": "0512/032445", "correlationVector":"DDJ7Zfp7CFHql+YWTdxbqk.3","action":"GetUpdates Response", "result":"Success", "context":Received 250 update(s). cV=DDJ7Zfp7CFHql+YWTdxbqk.0;server=akswtt10000000h;cloudType=Consumer;environment=Prod_brazilsouth_prod-s01-034-sam-brazilsouth;migrationStage=NotStarted Some updates remain.}
{"logTime": "0512/032445", "correlationVector":"sWmvnNGub14Ij535zQBstJ","action":"Initial GetUpdates", "result":"", "context":Reason: NEWLY_SUPPORTED_DATATYPE. cV=sWmvnNGub14Ij535zQBstJ}
{"logTime": "0512/032446", "correlationVector":"sWmvnNGub14Ij535zQBstJ.1","action":"SyncServerConnectionManagerRequest", "result":"SYNC_SERVER_OK", "context":{"environment":"Prod_brazilsouth_prod-s01-034-sam-brazilsouth", "migrationStage":"NotStarted", "server":"akswtt10000000h"}}
{"logTime": "0512/032446", "correlationVector":"sWmvnNGub14Ij535zQBstJ.2","action":"ProcessGetUpdates", "result":"Done", "context":{"dataType":"History", "deleted":"0", "process_failed_to_decrypt":"0", "process_pending_decryption":"0", "process_success":"250", "total":"250"}}
{"logTime": "0512/032446", "correlationVector":"sWmvnNGub14Ij535zQBstJ.3","action":"GetUpdates Response", "result":"Success", "context":Received 250 update(s). cV=sWmvnNGub14Ij535zQBstJ.0;server=akswtt10000000h;cloudType=Consumer;environment=Prod_brazilsouth_prod-s01-034-sam-brazilsouth;migrationStage=NotStarted Some updates remain.}
{"logTime": "0512/032446", "correlationVector":"GX+qxgDpka2PP7yvErPIJt","action":"Initial GetUpdates", "result":"", "context":Reason: NEWLY_SUPPORTED_DATATYPE. cV=GX+qxgDpka2PP7yvErPIJt}
{"logTime": "0512/032447", "correlationVector":"GX+qxgDpka2PP7yvErPIJt.1","action":"SyncServerConnectionManagerRequest", "result":"SYNC_SERVER_OK", "context":{"environment":"Prod_brazilsouth_prod-s01-034-sam-brazilsouth", "migrationStage":"NotStarted", "server":"akswtt100000005"}}
{"logTime": "0512/032447", "correlationVector":"GX+qxgDpka2PP7yvErPIJt.2","action":"ProcessGetUpdates", "result":"Done", "context":{"dataType":"History", "deleted":"0", "process_failed_to_decrypt":"0", "process_pending_decryption":"0", "process_success":"250", "total":"250"}}
{"logTime": "0512/032447", "correlationVector":"GX+qxgDpka2PP7yvErPIJt.3","action":"GetUpdates Response", "result":"Success", "context":Received 250 update(s). cV=GX+qxgDpka2PP7yvErPIJt.0;server=akswtt100000005;cloudType=Consumer;environment=Prod_brazilsouth_prod-s01-034-sam-brazilsouth;migrationStage=NotStarted Some updates remain.}
{"logTime": "0512/032447", "correlationVector":"mppxakaMRXDXNWn0ms5FH4","action":"Initial GetUpdates", "result":"", "context":Reason: NEWLY_SUPPORTED_DATATYPE. cV=mppxakaMRXDXNWn0ms5FH4}
{"logTime": "0512/032448", "correlationVector":"mppxakaMRXDXNWn0ms5FH4.1","action":"SyncServerConnectionManagerRequest", "result":"SYNC_SERVER_OK", "context":{"environment":"Prod_brazilsouth_prod-s01-034-sam-brazilsouth", "migrationStage":"NotStarted", "server":"akswtt100000009"}}
{"logTime": "0512/032448", "correlationVector":"mppxakaMRXDXNWn0ms5FH4.2","action":"ProcessGetUpdates", "result":"Done", "context":{"dataType":"History", "deleted":"0", "process_failed_to_decrypt":"0", "process_pending_decryption":"0", "process_success":"250", "total":"250"}}
{"logTime": "0512/032448", "correlationVector":"mppxakaMRXDXNWn0ms5FH4.3","action":"GetUpdates Response", "result":"Success", "context":Received 250 update(s). cV=mppxakaMRXDXNWn0ms5FH4.0;server=akswtt100000009;cloudType=Consumer;environment=Prod_brazilsouth_prod-s01-034-sam-brazilsouth;migrationStage=NotStarted Some updates remain.}
{"logTime": "0512/032448", "correlationVector":"odyi1dZUzmde1gF+y8O2sr","action":"Initial GetUpdates", "result":"", "context":Reason: NEWLY_SUPPORTED_DATATYPE. cV=odyi1dZUzmde1gF+y8O2sr}
{"logTime": "0512/032448", "correlationVector":"odyi1dZUzmde1gF+y8O2sr.1","action":"SyncServerConnectionManagerRequest", "result":"SYNC_SERVER_OK", "context":{"environment":"Prod_brazilsouth_prod-s01-034-sam-brazilsouth", "migrationStage":"NotStarted", "server":"akswtt100000002"}}
{"logTime": "0512/032448", "correlationVector":"odyi1dZUzmde1gF+y8O2sr.2","action":"ProcessGetUpdates", "result":"Done", "context":{"dataType":"History", "deleted":"0", "process_failed_to_decrypt":"0", "process_pending_decryption":"0", "process_success":"250", "total":"250"}}
{"logTime": "0512/032448", "correlationVector":"odyi1dZUzmde1gF+y8O2sr.3","action":"GetUpdates Response", "result":"Success", "context":Received 250 update(s). cV=odyi1dZUzmde1gF+y8O2sr.0;server=akswtt100000002;cloudType=Consumer;environment=Prod_brazilsouth_prod-s01-034-sam-brazilsouth;migrationStage=NotStarted Some updates remain.}
{"logTime": "0512/032448", "correlationVector":"9fkIjshBnoXlkdxLI3QtK/","action":"Initial GetUpdates", "result":"", "context":Reason: NEWLY_SUPPORTED_DATATYPE. cV=9fkIjshBnoXlkdxLI3QtK/}
{"logTime": "0512/032448", "correlationVector":"9fkIjshBnoXlkdxLI3QtK/.1","action":"SyncServerConnectionManagerRequest", "result":"SYNC_SERVER_OK", "context":{"environment":"Prod_brazilsouth_prod-s01-034-sam-brazilsouth", "migrationStage":"NotStarted", "server":"akswtt100000001"}}
{"logTime": "0512/032448", "correlationVector":"9fkIjshBnoXlkdxLI3QtK/.2","action":"ProcessGetUpdates", "result":"Done", "context":{"dataType":"History", "deleted":"0", "process_failed_to_decrypt":"0", "process_pending_decryption":"0", "process_success":"250", "total":"250"}}
{"logTime": "0512/032448", "correlationVector":"9fkIjshBnoXlkdxLI3QtK/.3","action":"GetUpdates Response", "result":"Success", "context":Received 250 update(s). cV=9fkIjshBnoXlkdxLI3QtK/.0;server=akswtt100000001;cloudType=Consumer;environment=Prod_brazilsouth_prod-s01-034-sam-brazilsouth;migrationStage=NotStarted Some updates remain.}
{"logTime": "0512/032448", "correlationVector":"SPatlfbRAlchaPZREwqPP6","action":"Initial GetUpdates", "result":"", "context":Reason: NEWLY_SUPPORTED_DATATYPE. cV=SPatlfbRAlchaPZREwqPP6}
{"logTime": "0512/032448", "correlationVector":"SPatlfbRAlchaPZREwqPP6.1","action":"SyncServerConnectionManagerRequest", "result":"SYNC_SERVER_OK", "context":{"environment":"Prod_brazilsouth_prod-s01-034-sam-brazilsouth", "migrationStage":"NotStarted", "server":"akswtt10000000h"}}
{"logTime": "0512/032448", "correlationVector":"SPatlfbRAlchaPZREwqPP6.2","action":"ProcessGetUpdates", "result":"Done", "context":{"dataType":"History", "deleted":"0", "process_failed_to_decrypt":"0", "process_pending_decryption":"0", "process_success":"250", "total":"250"}}
{"logTime": "0512/032448", "correlationVector":"SPatlfbRAlchaPZREwqPP6.3","action":"GetUpdates Response", "result":"Success", "context":Received 250 update(s). cV=SPatlfbRAlchaPZREwqPP6.0;server=akswtt10000000h;cloudType=Consumer;environment=Prod_brazilsouth_prod-s01-034-sam-brazilsouth;migrationStage=NotStarted Some updates remain.}
{"logTime": "0512/032448", "correlationVector":"5xE07b44g9kJBCwv7aO2zd","action":"Initial GetUpdates", "result":"", "context":Reason: NEWLY_SUPPORTED_DATATYPE. cV=5xE07b44g9kJBCwv7aO2zd}
{"logTime": "0512/032449", "correlationVector":"5xE07b44g9kJBCwv7aO2zd.1","action":"SyncServerConnectionManagerRequest", "result":"SYNC_SERVER_OK", "context":{"environment":"Prod_brazilsouth_prod-s01-034-sam-brazilsouth", "migrationStage":"NotStarted", "server":"akswtt100000009"}}
{"logTime": "0512/032449", "correlationVector":"5xE07b44g9kJBCwv7aO2zd.2","action":"ProcessGetUpdates", "result":"Done", "context":{"dataType":"History", "deleted":"0", "process_failed_to_decrypt":"0", "process_pending_decryption":"0", "process_success":"250", "total":"250"}}
{"logTime": "0512/032449", "correlationVector":"5xE07b44g9kJBCwv7aO2zd.3","action":"GetUpdates Response", "result":"Success", "context":Received 250 update(s). cV=5xE07b44g9kJBCwv7aO2zd.0;server=akswtt100000009;cloudType=Consumer;environment=Prod_brazilsouth_prod-s01-034-sam-brazilsouth;migrationStage=NotStarted Some updates remain.}
{"logTime": "0512/032449", "correlationVector":"9Pc7X7FgwhN2upaS5xT8/u","action":"Initial GetUpdates", "result":"", "context":Reason: NEWLY_SUPPORTED_DATATYPE. cV=9Pc7X7FgwhN2upaS5xT8/u}
{"logTime": "0512/032449", "correlationVector":"9Pc7X7FgwhN2upaS5xT8/u.1","action":"SyncServerConnectionManagerRequest", "result":"SYNC_SERVER_OK", "context":{"environment":"Prod_brazilsouth_prod-s01-034-sam-brazilsouth", "migrationStage":"NotStarted", "server":"akswtt100000009"}}
{"logTime": "0512/032449", "correlationVector":"9Pc7X7FgwhN2upaS5xT8/u.2","action":"ProcessGetUpdates", "result":"Done", "context":{"dataType":"History", "deleted":"0", "process_failed_to_decrypt":"0", "process_pending_decryption":"0", "process_success":"250", "total":"250"}}
{"logTime": "0512/032449", "correlationVector":"9Pc7X7FgwhN2upaS5xT8/u.3","action":"GetUpdates Response", "result":"Success", "context":Received 250 update(s). cV=9Pc7X7FgwhN2upaS5xT8/u.0;server=akswtt100000009;cloudType=Consumer;environment=Prod_brazilsouth_prod-s01-034-sam-brazilsouth;migrationStage=NotStarted Some updates remain.}
{"logTime": "0512/032449", "correlationVector":"E075lvUkOKk9pyNvQi4dym","action":"Initial GetUpdates", "result":"", "context":Reason: NEWLY_SUPPORTED_DATATYPE. cV=E075lvUkOKk9pyNvQi4dym}
{"logTime": "0512/032449", "correlationVector":"E075lvUkOKk9pyNvQi4dym.1","action":"SyncServerConnectionManagerRequest", "result":"SYNC_SERVER_OK", "context":{"environment":"Prod_brazilsouth_prod-s01-034-sam-brazilsouth", "migrationStage":"NotStarted", "server":"akswtt100000001"}}
{"logTime": "0512/032449", "correlationVector":"E075lvUkOKk9pyNvQi4dym.2","action":"ProcessGetUpdates", "result":"Done", "context":{"dataType":"History", "deleted":"0", "process_failed_to_decrypt":"0", "process_pending_decryption":"0", "process_success":"250", "total":"250"}}
{"logTime": "0512/032449", "correlationVector":"E075lvUkOKk9pyNvQi4dym.3","action":"GetUpdates Response", "result":"Success", "context":Received 250 update(s). cV=E075lvUkOKk9pyNvQi4dym.0;server=akswtt100000001;cloudType=Consumer;environment=Prod_brazilsouth_prod-s01-034-sam-brazilsouth;migrationStage=NotStarted Some updates remain.}
{"logTime": "0512/032449", "correlationVector":"SedafJCNhNwDTPpoTP/wMz","action":"Initial GetUpdates", "result":"", "context":Reason: NEWLY_SUPPORTED_DATATYPE. cV=SedafJCNhNwDTPpoTP/wMz}
{"logTime": "0512/032449", "correlationVector":"SedafJCNhNwDTPpoTP/wMz.1","action":"SyncServerConnectionManagerRequest", "result":"SYNC_SERVER_OK", "context":{"environment":"Prod_brazilsouth_prod-s01-034-sam-brazilsouth", "migrationStage":"NotStarted", "server":"akswtt100000005"}}
{"logTime": "0512/032449", "correlationVector":"SedafJCNhNwDTPpoTP/wMz.2","action":"ProcessGetUpdates", "result":"Done", "context":{"dataType":"History", "deleted":"0", "process_failed_to_decrypt":"0", "process_pending_decryption":"0", "process_success":"89", "total":"89"}}
{"logTime": "0512/032449", "correlationVector":"SedafJCNhNwDTPpoTP/wMz.3","action":"GetUpdates Response", "result":"Success", "context":Received 89 update(s). cV=SedafJCNhNwDTPpoTP/wMz.0;server=akswtt100000005;cloudType=Consumer;environment=Prod_brazilsouth_prod-s01-034-sam-brazilsouth;migrationStage=NotStarted}
{"logTime": "0512/032449", "correlationVector":"Lf7PJoh14op0aiQ3Q+IkGm","action":"Normal GetUpdate request", "result":"", "context":cV=Lf7PJoh14op0aiQ3Q+IkGm
Nudged types: Sessions, Device Info, User Consents, History
Refresh requested types: Bookmarks, Preferences, Passwords, Autofill Profiles, Autofill, Extensions, Sessions, Extension settings, History Delete Directives, Device Info, User Consents, Send Tab To Self, Web Apps, History, Saved Tab Group, WebAuthn Credentials, Collection, Edge E Drop, Edge Hub App Usage, Edge Wallet, Edge Workspace, Encryption Keys}
{"logTime": "0512/032449", "correlationVector":"Lf7PJoh14op0aiQ3Q+IkGm.1","action":"SyncServerConnectionManagerRequest", "result":"SYNC_SERVER_OK", "context":{"environment":"Prod_brazilsouth_prod-s01-034-sam-brazilsouth", "migrationStage":"NotStarted", "server":"akswtt100000009"}}
{"logTime": "0512/032449", "correlationVector":"Lf7PJoh14op0aiQ3Q+IkGm.2","action":"GetUpdates Response", "result":"Success", "context":Received 0 update(s). cV=Lf7PJoh14op0aiQ3Q+IkGm.0;server=akswtt100000009;cloudType=Consumer;environment=Prod_brazilsouth_prod-s01-034-sam-brazilsouth;migrationStage=NotStarted}
{"logTime": "0512/032449", "correlationVector":"o9RFqsTtlqw8fkvRpqrINq","action":"Commit Request", "result":"", "context":Item count: 40
Contributing types: Sessions, Device Info, User Consents, History}
{"logTime": "0512/032451", "correlationVector":"o9RFqsTtlqw8fkvRpqrINq.1","action":"SyncServerConnectionManagerRequest", "result":"SYNC_SERVER_OK", "context":{"environment":"Prod_brazilsouth_prod-s01-034-sam-brazilsouth", "migrationStage":"NotStarted", "server":"akswtt100000009"}}
{"logTime": "0512/032451", "correlationVector":"o9RFqsTtlqw8fkvRpqrINq.2","action":"Commit Response", "result":"Success", "context":Result: Success. cV=o9RFqsTtlqw8fkvRpqrINq.0;server=akswtt100000009;cloudType=Consumer;environment=Prod_brazilsouth_prod-s01-034-sam-brazilsouth;migrationStage=NotStarted}
{"logTime": "0512/032527", "correlationVector":"lljdwIO9aeBKzfO3/HEoaw","action":"Commit Request", "result":"", "context":Item count: 40
Contributing types: Passwords}
{"logTime": "0512/032529", "correlationVector":"lljdwIO9aeBKzfO3/HEoaw.1","action":"SyncServerConnectionManagerRequest", "result":"SYNC_SERVER_OK", "context":{"environment":"Prod_brazilsouth_prod-s01-034-sam-brazilsouth", "migrationStage":"NotStarted", "server":"akswtt100000003"}}
{"logTime": "0512/032529", "correlationVector":"lljdwIO9aeBKzfO3/HEoaw.2","action":"Commit Response", "result":"Success", "context":Result: Success. cV=lljdwIO9aeBKzfO3/HEoaw.0;server=akswtt100000003;cloudType=Consumer;environment=Prod_brazilsouth_prod-s01-034-sam-brazilsouth;migrationStage=NotStarted}
{"logTime": "0512/032529", "correlationVector":"AY8oH1SNeUB7KKOiF8ZlU1","action":"Commit Request", "result":"", "context":Item count: 35
Contributing types: Passwords}
{"logTime": "0512/032530", "correlationVector":"AY8oH1SNeUB7KKOiF8ZlU1.1","action":"SyncServerConnectionManagerRequest", "result":"SYNC_SERVER_OK", "context":{"environment":"Prod_brazilsouth_prod-s01-034-sam-brazilsouth", "migrationStage":"NotStarted", "server":"akswtt10000000h"}}
{"logTime": "0512/032530", "correlationVector":"AY8oH1SNeUB7KKOiF8ZlU1.2","action":"Commit Response", "result":"Success", "context":Result: Success. cV=AY8oH1SNeUB7KKOiF8ZlU1.0;server=akswtt10000000h;cloudType=Consumer;environment=Prod_brazilsouth_prod-s01-034-sam-brazilsouth;migrationStage=NotStarted}
{"logTime": "0512/032644", "correlationVector":"WxMHqF0valfWWsAOQqypiS","action":"Commit Request", "result":"", "context":Item count: 3
Contributing types: Sessions, History}
{"logTime": "0512/032644", "correlationVector":"WxMHqF0valfWWsAOQqypiS.1","action":"SyncServerConnectionManagerRequest", "result":"SYNC_SERVER_OK", "context":{"environment":"Prod_brazilsouth_prod-s01-034-sam-brazilsouth", "migrationStage":"NotStarted", "server":"akswtt100000005"}}
{"logTime": "0512/032644", "correlationVector":"WxMHqF0valfWWsAOQqypiS.2","action":"Commit Response", "result":"Success", "context":Result: Success. cV=WxMHqF0valfWWsAOQqypiS.0;server=akswtt100000005;cloudType=Consumer;environment=Prod_brazilsouth_prod-s01-034-sam-brazilsouth;migrationStage=NotStarted}
{"logTime": "0512/032646", "correlationVector":"hvXY+vTIuv1u5EvEmnF/Ln","action":"Normal GetUpdate request", "result":"", "context":cV=hvXY+vTIuv1u5EvEmnF/Ln
Notified types: History}
{"logTime": "0512/032646", "correlationVector":"hvXY+vTIuv1u5EvEmnF/Ln.1","action":"SyncServerConnectionManagerRequest", "result":"SYNC_SERVER_OK", "context":{"environment":"Prod_brazilsouth_prod-s01-034-sam-brazilsouth", "migrationStage":"NotStarted", "server":"akswtt100000002"}}
{"logTime": "0512/032646", "correlationVector":"hvXY+vTIuv1u5EvEmnF/Ln.2","action":"ProcessGetUpdates", "result":"Done", "context":{"dataType":"Passwords", "deleted":"0", "process_failed_to_decrypt":"0", "process_pending_decryption":"0", "process_success":"75", "total":"75"}}
{"logTime": "0512/032646", "correlationVector":"hvXY+vTIuv1u5EvEmnF/Ln.3","action":"ProcessGetUpdates", "result":"Done", "context":{"dataType":"Sessions", "deleted":"0", "process_failed_to_decrypt":"0", "process_pending_decryption":"0", "process_success":"4", "total":"4"}}
{"logTime": "0512/032646", "correlationVector":"hvXY+vTIuv1u5EvEmnF/Ln.4","action":"ProcessGetUpdates", "result":"Done", "context":{"dataType":"Device Info", "deleted":"0", "process_failed_to_decrypt":"0", "process_pending_decryption":"0", "process_success":"1", "total":"1"}}
{"logTime": "0512/032646", "correlationVector":"hvXY+vTIuv1u5EvEmnF/Ln.5","action":"ProcessGetUpdates", "result":"Done", "context":{"dataType":"History", "deleted":"0", "process_failed_to_decrypt":"0", "process_pending_decryption":"0", "process_success":"42", "total":"42"}}
{"logTime": "0512/032646", "correlationVector":"hvXY+vTIuv1u5EvEmnF/Ln.6","action":"GetUpdates Response", "result":"Success", "context":Received 122 update(s). cV=hvXY+vTIuv1u5EvEmnF/Ln.0;server=akswtt100000002;cloudType=Consumer;environment=Prod_brazilsouth_prod-s01-034-sam-brazilsouth;migrationStage=NotStarted}
{"logTime": "0512/032646", "correlationVector":"LE2ou8cQ83HG0hKq1hQW44","action":"DoCompareDataConsistency requsted types: ", "result":"Bookmarks, Preferences, Passwords, Extensions, Extension settings, History Delete Directives, Send Tab To Self, Web Apps, History, Saved Tab Group, WebAuthn Credentials, Collection, Edge E Drop, Edge Wallet, Edge Workspace, Encryption Keys"}
{"logTime": "0512/032646", "correlationVector":"LE2ou8cQ83HG0hKq1hQW44.0","action":"CompareDataConsistency result: ", "result":"Compare result: Encryption Keys is consistent. local entities count is: 1 local entities hash is: yKfbh/vpIkWjnwR09ItazZj88vQ="}
{"logTime": "0512/032646", "correlationVector":"LE2ou8cQ83HG0hKq1hQW44.1","action":"CompareDataConsistency result: ", "result":"Compare result: Bookmarks is consistent. local entities count is: 49 local entities hash is: 0MohmGOGOCpKUbp0ZABAYxIBDWU="}
{"logTime": "0512/032646", "correlationVector":"LE2ou8cQ83HG0hKq1hQW44.2","action":"CompareDataConsistency result: ", "result":"Compare result: Preferences is consistent. local entities count is: 108 local entities hash is: 19BgfY+e8zYR6Mnn+m25yJgJHjk="}
{"logTime": "0512/032646", "correlationVector":"LE2ou8cQ83HG0hKq1hQW44.3","action":"CompareDataConsistency result: ", "result":"Compare result: Extensions is consistent. local entities count is: 6 local entities hash is: pqVzz3HEkbSUOAtqRwtwgLz+Nqk="}
{"logTime": "0512/032646", "correlationVector":"LE2ou8cQ83HG0hKq1hQW44.4","action":"CompareDataConsistency result: ", "result":"Compare result: Extension settings is consistent. local entities count is: 0 local entities hash is: "}
{"logTime": "0512/032646", "correlationVector":"LE2ou8cQ83HG0hKq1hQW44.5","action":"CompareDataConsistency result: ", "result":"Compare result: History Delete Directives is consistent. local entities count is: 0 local entities hash is: "}
{"logTime": "0512/032646", "correlationVector":"LE2ou8cQ83HG0hKq1hQW44.6","action":"CompareDataConsistency result: ", "result":"Server did not send this Send Tab To Self local entities count is: 0 local entities hash is: "}
{"logTime": "0512/032646", "correlationVector":"LE2ou8cQ83HG0hKq1hQW44.7","action":"CompareDataConsistency result: ", "result":"Compare result: Web Apps is consistent. local entities count is: 0 local entities hash is: "}
{"logTime": "0512/032646", "correlationVector":"LE2ou8cQ83HG0hKq1hQW44.8","action":"CompareDataConsistency result: ", "result":"Server did not send this History local entities count is: 0 local entities hash is: "}
{"logTime": "0512/032646", "correlationVector":"LE2ou8cQ83HG0hKq1hQW44.9","action":"CompareDataConsistency result: ", "result":"Compare result: Saved Tab Group is consistent. local entities count is: 0 local entities hash is: "}
{"logTime": "0512/032646", "correlationVector":"LE2ou8cQ83HG0hKq1hQW44.10","action":"CompareDataConsistency result: ", "result":"Server did not send this WebAuthn Credentials local entities count is: 0 local entities hash is: "}
{"logTime": "0512/032646", "correlationVector":"LE2ou8cQ83HG0hKq1hQW44.11","action":"CompareDataConsistency result: ", "result":"Compare result: Collection is consistent. local entities count is: 0 local entities hash is: "}
{"logTime": "0512/032646", "correlationVector":"LE2ou8cQ83HG0hKq1hQW44.12","action":"CompareDataConsistency result: ", "result":"Compare result: Edge E Drop is consistent. local entities count is: 0 local entities hash is: "}
{"logTime": "0512/032646", "correlationVector":"LE2ou8cQ83HG0hKq1hQW44.13","action":"CompareDataConsistency result: ", "result":"Compare result: Edge Wallet is consistent. local entities count is: 0 local entities hash is: "}
{"logTime": "0512/032646", "correlationVector":"LE2ou8cQ83HG0hKq1hQW44.14","action":"CompareDataConsistency result: ", "result":"Server did not send this Edge Workspace local entities count is: 0 local entities hash is: "}
{"logTime": "0512/032646", "correlationVector":"LE2ou8cQ83HG0hKq1hQW44.15","action":"CompareDataConsistency result: ", "result":"Compare result: Passwords is consistent. local entities count is: 114 local entities hash is: R0XjY63HSZVVjMw+u38h2HmsyWQ="}
{"logTime": "0512/032646", "correlationVector":"","action":"DIAGNOSTIC_REQUEST|v1/diagnosticData/Diagnostic.SendCheckResult()|SUCCESS", "result":""}
{"logTime": "0512/032746", "correlationVector":"s5MxwpGUshSys6icPBxvLN","action":"Normal GetUpdate request", "result":"", "context":cV=s5MxwpGUshSys6icPBxvLN
Notified types: History}
{"logTime": "0512/032746", "correlationVector":"s5MxwpGUshSys6icPBxvLN.1","action":"SyncServerConnectionManagerRequest", "result":"SYNC_SERVER_OK", "context":{"environment":"Prod_brazilsouth_prod-s01-034-sam-brazilsouth", "migrationStage":"NotStarted", "server":"akswtt100000009"}}
{"logTime": "0512/032746", "correlationVector":"s5MxwpGUshSys6icPBxvLN.2","action":"ProcessGetUpdates", "result":"Done", "context":{"dataType":"Sessions", "deleted":"0", "process_failed_to_decrypt":"0", "process_pending_decryption":"0", "process_success":"2", "total":"2"}}
{"logTime": "0512/032746", "correlationVector":"s5MxwpGUshSys6icPBxvLN.3","action":"ProcessGetUpdates", "result":"Done", "context":{"dataType":"History", "deleted":"0", "process_failed_to_decrypt":"0", "process_pending_decryption":"0", "process_success":"2", "total":"2"}}
{"logTime": "0512/032746", "correlationVector":"s5MxwpGUshSys6icPBxvLN.4","action":"GetUpdates Response", "result":"Success", "context":Received 4 update(s). cV=s5MxwpGUshSys6icPBxvLN.0;server=akswtt100000009;cloudType=Consumer;environment=Prod_brazilsouth_prod-s01-034-sam-brazilsouth;migrationStage=NotStarted}
{"logTime": "0512/033008", "correlationVector":"/HpqpsS+hA2v1jK1Lkqnw4","action":"Normal GetUpdate request", "result":"", "context":cV=/HpqpsS+hA2v1jK1Lkqnw4
Notified types: Autofill, History}
{"logTime": "0512/033008", "correlationVector":"/HpqpsS+hA2v1jK1Lkqnw4.1","action":"SyncServerConnectionManagerRequest", "result":"SYNC_SERVER_OK", "context":{"environment":"Prod_brazilsouth_prod-s01-034-sam-brazilsouth", "migrationStage":"NotStarted", "server":"akswtt100000004"}}
{"logTime": "0512/033008", "correlationVector":"/HpqpsS+hA2v1jK1Lkqnw4.2","action":"ProcessGetUpdates", "result":"Done", "context":{"dataType":"Autofill", "deleted":"0", "process_failed_to_decrypt":"0", "process_pending_decryption":"0", "process_success":"3", "total":"3"}}
{"logTime": "0512/033008", "correlationVector":"/HpqpsS+hA2v1jK1Lkqnw4.3","action":"ProcessGetUpdates", "result":"Done", "context":{"dataType":"Sessions", "deleted":"0", "process_failed_to_decrypt":"0", "process_pending_decryption":"0", "process_success":"2", "total":"2"}}
{"logTime": "0512/033008", "correlationVector":"/HpqpsS+hA2v1jK1Lkqnw4.4","action":"ProcessGetUpdates", "result":"Done", "context":{"dataType":"History", "deleted":"0", "process_failed_to_decrypt":"0", "process_pending_decryption":"0", "process_success":"2", "total":"2"}}
{"logTime": "0512/033008", "correlationVector":"/HpqpsS+hA2v1jK1Lkqnw4.5","action":"GetUpdates Response", "result":"Success", "context":Received 7 update(s). cV=/HpqpsS+hA2v1jK1Lkqnw4.0;server=akswtt100000004;cloudType=Consumer;environment=Prod_brazilsouth_prod-s01-034-sam-brazilsouth;migrationStage=NotStarted}
{"logTime": "0512/033432", "correlationVector":"WfYPT0xP+vDq+CmYB4P7Pl.1","action":"SyncServerConnectionManagerRequest", "result":"SYNC_SERVER_OK", "context":{"environment":"Prod_brazilsouth_prod-s01-001-sam-brazilsouth", "migrationStage":"NotStarted", "server":"akswtt00400000i"}}
{"logTime": "0512/033432", "correlationVector":"WfYPT0xP+vDq+CmYB4P7Pl.2","action":"ProcessGetUpdates", "result":"Done", "context":{"dataType":"Encryption Keys", "deleted":"0", "process_failed_to_decrypt":"0", "process_pending_decryption":"0", "process_success":"1", "total":"1"}}
{"logTime": "0512/033432", "correlationVector":"acqjMLTD1NgOXIjQa3PzpC","action":"SyncServerConnectionManagerRequest", "result":"SYNC_SERVER_OK", "context":{"environment":"", "migrationStage":"", "server":""}}
{"logTime": "0512/033432", "correlationVector":"acqjMLTD1NgOXIjQa3PzpC.0","action":"EncryptionKeysFetcher.DownloadKeys:", "result":"Success", "context":Key count: 10, Last key timestamp: 2026-01-15T11:18:23Z}
{"logTime": "0512/033432", "correlationVector":"acqjMLTD1NgOXIjQa3PzpC.1","action":"EncryptionKeysManager::SetEncryptionKeys:", "result":"Success", "context":Key names[10]:[pYIXyuBNNX/En0xUkZTkLldSq4RLvxo+Pd1F8nBWOPIizcB0BTSVyeerpDr1RjrBZskGnRP5P/UJksQFmmRp5A==][7JDMyGKIDZymO7a0wqyEdKv4zsym7YaHIFKkt0FXAF/kM8kQS4+qTAt3NY0rzvOIhUy7vWfYjeuQE830avY/YQ==][6vEbJ1Jvvyh7p7QtfvdHcKCGqdxfjqdKwT75BMTVvSwLnyj2gjfYucTbFOwv8nBAh0TBsjOdHamh8z+P2K7sGA==][CZjkWbAjhjhQ5zEL5qvHnaKrqOS0zCVVOeurmRehkea1Qr/9IGLcmIFYZPnEGs/jj9r7VUwKvrQ3f5rHO+ZEDQ==][Pzk+Ka6mgUW5hXCXnDnyQL1keZSWimskblsSDlg91VBmLQtwxYarcl1eJ7XWufWHEQWET2hEFXk/r489jkU83w==][tNkfsoB3WYggyBjSTubdLtl/LbSKZ9FqEVx0leINCSWPvXLe+xnU6bJ+MzHHxeMYUIAcLiWKzFYO2YIJ9yXwTQ==][VqWDdErufF67NhcSz+2RxlxZ5EQZuaSc6OFJVyFzEG2Vw5sBUpFGkqdcmDEM/y62W9Q/rXP5hCnQq2thwCMCxg==][NYaflswRdCgtcbkD0qi1US7nh02Ei0QE8b58plwFfJFniTlPwekA0vwhrwHwCP7E+FkyNWJcrDX6DK9uYXLTtQ==][MlCpGpzOngtK/RhCzcgtFCaQNx7+N+Gy3IkvyT2UUvnxzDulwnjesYG5kVkhDkXfIqXRnCE/it29Svmzp/D98w==][vds21/5s/I+vNdUn9red/n3d+6MDq2NuRdy+H839jdarwYIDWTg4qysoyFPpNRnS6+t+K2a7n7Womu8f5Le14w==]}
{"logTime": "0512/033432", "correlationVector":"acqjMLTD1NgOXIjQa3PzpC.2","action":"EncryptionKeysManager::SetEncryptionKeysWithTimestamps:", "result":"Success", "context":Key timestamps[10]:[2021-12-23T15:25:38Z][2022-01-25T20:55:36Z][2022-02-11T22:13:26Z][2022-02-21T00:37:07Z][2022-06-08T22:14:46Z][2024-05-26T08:35:19Z][2024-07-19T16:08:30Z][2025-01-15T21:41:12Z][2025-07-18T23:20:04Z][2026-01-15T11:18:23Z]}
{"logTime": "0512/033432", "correlationVector":"WfYPT0xP+vDq+CmYB4P7Pl","action":"Initial GetUpdates", "result":"", "context":Reason: NEW_CLIENT. cV=WfYPT0xP+vDq+CmYB4P7Pl}
{"logTime": "0512/033432", "correlationVector":"WfYPT0xP+vDq+CmYB4P7Pl.3","action":"GetUpdates Response", "result":"Success", "context":Received 1 update(s). cV=WfYPT0xP+vDq+CmYB4P7Pl.0;server=akswtt00400000i;cloudType=Consumer;environment=Prod_brazilsouth_prod-s01-001-sam-brazilsouth;migrationStage=NotStarted}
{"logTime": "0512/033432", "correlationVector":"Ollel6vWHKfcu1yxttrGP9","action":"Initial GetUpdates", "result":"", "context":Reason: NEWLY_SUPPORTED_DATATYPE. cV=Ollel6vWHKfcu1yxttrGP9}
{"logTime": "0512/033432", "correlationVector":"Ollel6vWHKfcu1yxttrGP9.1","action":"SyncServerConnectionManagerRequest", "result":"SYNC_SERVER_OK", "context":{"environment":"Prod_brazilsouth_prod-s01-001-sam-brazilsouth", "migrationStage":"NotStarted", "server":"akswtt00400000i"}}
{"logTime": "0512/033432", "correlationVector":"Ollel6vWHKfcu1yxttrGP9.2","action":"ProcessGetUpdates", "result":"Done", "context":{"dataType":"Passwords", "deleted":"0", "process_failed_to_decrypt":"0", "process_pending_decryption":"0", "process_success":"114", "total":"114"}}
{"logTime": "0512/033432", "correlationVector":"Ollel6vWHKfcu1yxttrGP9.3","action":"GetUpdates Response", "result":"Success", "context":Received 114 update(s). cV=Ollel6vWHKfcu1yxttrGP9.0;server=akswtt00400000i;cloudType=Consumer;environment=Prod_brazilsouth_prod-s01-001-sam-brazilsouth;migrationStage=NotStarted}
{"logTime": "0512/033432", "correlationVector":"4PV9gP/9wOCg41ZRhrexEG","action":"Normal GetUpdate request", "result":"", "context":cV=4PV9gP/9wOCg41ZRhrexEG
Nudged types: Sessions, History
Refresh requested types: Bookmarks, Preferences, Passwords, Autofill Profiles, Autofill, Extensions, Sessions, Extension settings, History Delete Directives, Device Info, User Consents, Send Tab To Self, Web Apps, History, Saved Tab Group, WebAuthn Credentials, Collection, Edge E Drop, Edge Hub App Usage, Edge Wallet, Edge Workspace, Encryption Keys}
{"logTime": "0512/033432", "correlationVector":"4PV9gP/9wOCg41ZRhrexEG.1","action":"SyncServerConnectionManagerRequest", "result":"SYNC_SERVER_OK", "context":{"environment":"Prod_brazilsouth_prod-s01-001-sam-brazilsouth", "migrationStage":"NotStarted", "server":"akswtt004000001"}}
{"logTime": "0512/033432", "correlationVector":"4PV9gP/9wOCg41ZRhrexEG.2","action":"GetUpdates Response", "result":"Success", "context":Received 0 update(s). cV=4PV9gP/9wOCg41ZRhrexEG.0;server=akswtt004000001;cloudType=Consumer;environment=Prod_brazilsouth_prod-s01-001-sam-brazilsouth;migrationStage=NotStarted}
{"logTime": "0512/033432", "correlationVector":"KqX6dPzUARQIeqdo0gk0AH","action":"Commit Request", "result":"", "context":Item count: 5
Contributing types: Sessions, History}
{"logTime": "0512/033432", "correlationVector":"KqX6dPzUARQIeqdo0gk0AH.1","action":"SyncServerConnectionManagerRequest", "result":"SYNC_SERVER_OK", "context":{"environment":"Prod_brazilsouth_prod-s01-001-sam-brazilsouth", "migrationStage":"NotStarted", "server":"akswtt00400000i"}}
{"logTime": "0512/033432", "correlationVector":"KqX6dPzUARQIeqdo0gk0AH.2","action":"Commit Response", "result":"Success", "context":Result: Success. cV=KqX6dPzUARQIeqdo0gk0AH.0;server=akswtt00400000i;cloudType=Consumer;environment=Prod_brazilsouth_prod-s01-001-sam-brazilsouth;migrationStage=NotStarted}
{"logTime": "0512/033530", "correlationVector":"1FsyuUFLchZK2V3hMco9v7","action":"Commit Request", "result":"", "context":Item count: 5
Contributing types: Preferences, Sessions, History}
{"logTime": "0512/033530", "correlationVector":"1FsyuUFLchZK2V3hMco9v7.1","action":"SyncServerConnectionManagerRequest", "result":"SYNC_SERVER_OK", "context":{"environment":"Prod_brazilsouth_prod-s01-001-sam-brazilsouth", "migrationStage":"NotStarted", "server":"akswtt00400000j"}}
{"logTime": "0512/033530", "correlationVector":"1FsyuUFLchZK2V3hMco9v7.2","action":"Commit Response", "result":"Success", "context":Result: Success. cV=1FsyuUFLchZK2V3hMco9v7.0;server=akswtt00400000j;cloudType=Consumer;environment=Prod_brazilsouth_prod-s01-001-sam-brazilsouth;migrationStage=NotStarted}
{"logTime": "0512/033530", "correlationVector":"1FsyuUFLchZK2V3hMco9v7.3","action":"Commit.Sessions", "result":"Success", "context":{"id":"1e586bb0-841d-484b-ac4f-fb66653bb93e", "isDeleted":"true", "size":"0", "version":"1778556873198"}}
{"logTime": "0512/033948", "correlationVector":"WZsUi3/jH9iR4pSbJZmyxf.1","action":"SyncServerConnectionManagerRequest", "result":"SYNC_SERVER_OK", "context":{"environment":"Prod_brazilsouth_prod-s01-034-sam-brazilsouth", "migrationStage":"NotStarted", "server":"akswtt10000001d"}}
{"logTime": "0512/033948", "correlationVector":"WZsUi3/jH9iR4pSbJZmyxf.2","action":"ProcessGetUpdates", "result":"Done", "context":{"dataType":"Encryption Keys", "deleted":"0", "process_failed_to_decrypt":"0", "process_pending_decryption":"0", "process_success":"1", "total":"1"}}
{"logTime": "0512/033948", "correlationVector":"tp1fyqZlAuDTYUJrYmiNoz","action":"SyncServerConnectionManagerRequest", "result":"SYNC_SERVER_OK", "context":{"environment":"", "migrationStage":"", "server":""}}
{"logTime": "0512/033948", "correlationVector":"tp1fyqZlAuDTYUJrYmiNoz.0","action":"EncryptionKeysFetcher.DownloadKeys:", "result":"Success", "context":Key count: 10, Last key timestamp: 2026-01-15T11:18:23Z}
{"logTime": "0512/033948", "correlationVector":"tp1fyqZlAuDTYUJrYmiNoz.1","action":"EncryptionKeysManager::SetEncryptionKeys:", "result":"Success", "context":Key names[10]:[pYIXyuBNNX/En0xUkZTkLldSq4RLvxo+Pd1F8nBWOPIizcB0BTSVyeerpDr1RjrBZskGnRP5P/UJksQFmmRp5A==][7JDMyGKIDZymO7a0wqyEdKv4zsym7YaHIFKkt0FXAF/kM8kQS4+qTAt3NY0rzvOIhUy7vWfYjeuQE830avY/YQ==][6vEbJ1Jvvyh7p7QtfvdHcKCGqdxfjqdKwT75BMTVvSwLnyj2gjfYucTbFOwv8nBAh0TBsjOdHamh8z+P2K7sGA==][CZjkWbAjhjhQ5zEL5qvHnaKrqOS0zCVVOeurmRehkea1Qr/9IGLcmIFYZPnEGs/jj9r7VUwKvrQ3f5rHO+ZEDQ==][Pzk+Ka6mgUW5hXCXnDnyQL1keZSWimskblsSDlg91VBmLQtwxYarcl1eJ7XWufWHEQWET2hEFXk/r489jkU83w==][tNkfsoB3WYggyBjSTubdLtl/LbSKZ9FqEVx0leINCSWPvXLe+xnU6bJ+MzHHxeMYUIAcLiWKzFYO2YIJ9yXwTQ==][VqWDdErufF67NhcSz+2RxlxZ5EQZuaSc6OFJVyFzEG2Vw5sBUpFGkqdcmDEM/y62W9Q/rXP5hCnQq2thwCMCxg==][NYaflswRdCgtcbkD0qi1US7nh02Ei0QE8b58plwFfJFniTlPwekA0vwhrwHwCP7E+FkyNWJcrDX6DK9uYXLTtQ==][MlCpGpzOngtK/RhCzcgtFCaQNx7+N+Gy3IkvyT2UUvnxzDulwnjesYG5kVkhDkXfIqXRnCE/it29Svmzp/D98w==][vds21/5s/I+vNdUn9red/n3d+6MDq2NuRdy+H839jdarwYIDWTg4qysoyFPpNRnS6+t+K2a7n7Womu8f5Le14w==]}
{"logTime": "0512/033948", "correlationVector":"tp1fyqZlAuDTYUJrYmiNoz.2","action":"EncryptionKeysManager::SetEncryptionKeysWithTimestamps:", "result":"Success", "context":Key timestamps[10]:[2021-12-23T15:25:38Z][2022-01-25T20:55:36Z][2022-02-11T22:13:26Z][2022-02-21T00:37:07Z][2022-06-08T22:14:46Z][2024-05-26T08:35:19Z][2024-07-19T16:08:30Z][2025-01-15T21:41:12Z][2025-07-18T23:20:04Z][2026-01-15T11:18:23Z]}
{"logTime": "0512/033948", "correlationVector":"WZsUi3/jH9iR4pSbJZmyxf","action":"Initial GetUpdates", "result":"", "context":Reason: NEW_CLIENT. cV=WZsUi3/jH9iR4pSbJZmyxf}
{"logTime": "0512/033948", "correlationVector":"WZsUi3/jH9iR4pSbJZmyxf.3","action":"GetUpdates Response", "result":"Success", "context":Received 1 update(s). cV=WZsUi3/jH9iR4pSbJZmyxf.0;server=akswtt10000001d;cloudType=Consumer;environment=Prod_brazilsouth_prod-s01-034-sam-brazilsouth;migrationStage=NotStarted}
{"logTime": "0512/033948", "correlationVector":"Wnmr35NWIWXJo60nqk+Spx","action":"Initial GetUpdates", "result":"", "context":Reason: NEWLY_SUPPORTED_DATATYPE. cV=Wnmr35NWIWXJo60nqk+Spx}
{"logTime": "0512/033948", "correlationVector":"Wnmr35NWIWXJo60nqk+Spx.1","action":"SyncServerConnectionManagerRequest", "result":"SYNC_SERVER_OK", "context":{"environment":"Prod_brazilsouth_prod-s01-001-sam-brazilsouth", "migrationStage":"NotStarted", "server":"akswtt00400000b"}}
{"logTime": "0512/033948", "correlationVector":"Wnmr35NWIWXJo60nqk+Spx.2","action":"ProcessGetUpdates", "result":"Done", "context":{"dataType":"Preferences", "deleted":"0", "process_failed_to_decrypt":"0", "process_pending_decryption":"0", "process_success":"41", "total":"41"}}
{"logTime": "0512/033948", "correlationVector":"Wnmr35NWIWXJo60nqk+Spx.3","action":"ProcessGetUpdates", "result":"Done", "context":{"dataType":"Device Info", "deleted":"0", "process_failed_to_decrypt":"0", "process_pending_decryption":"0", "process_success":"209", "total":"209"}}
{"logTime": "0512/033948", "correlationVector":"Wnmr35NWIWXJo60nqk+Spx.4","action":"GetUpdates Response", "result":"Success", "context":Received 250 update(s). cV=Wnmr35NWIWXJo60nqk+Spx.0;server=akswtt00400000b;cloudType=Consumer;environment=Prod_brazilsouth_prod-s01-001-sam-brazilsouth;migrationStage=NotStarted Some updates remain.}
{"logTime": "0512/033948", "correlationVector":"ScS8y1mfX+43NUL6CsptDE","action":"Initial GetUpdates", "result":"", "context":Reason: NEWLY_SUPPORTED_DATATYPE. cV=ScS8y1mfX+43NUL6CsptDE}
{"logTime": "0512/033949", "correlationVector":"ScS8y1mfX+43NUL6CsptDE.1","action":"SyncServerConnectionManagerRequest", "result":"SYNC_SERVER_OK", "context":{"environment":"Prod_brazilsouth_prod-s01-001-sam-brazilsouth", "migrationStage":"NotStarted", "server":"akswtt004000002"}}
{"logTime": "0512/033949", "correlationVector":"ScS8y1mfX+43NUL6CsptDE.2","action":"ProcessGetUpdates", "result":"Done", "context":{"dataType":"Preferences", "deleted":"2", "process_failed_to_decrypt":"0", "process_pending_decryption":"0", "process_success":"69", "total":"69"}}
{"logTime": "0512/033949", "correlationVector":"ScS8y1mfX+43NUL6CsptDE.3","action":"ProcessGetUpdates", "result":"Done", "context":{"dataType":"Passwords", "deleted":"0", "process_failed_to_decrypt":"0", "process_pending_decryption":"0", "process_success":"114", "total":"114"}}
{"logTime": "0512/033949", "correlationVector":"ScS8y1mfX+43NUL6CsptDE.4","action":"ProcessGetUpdates", "result":"Done", "context":{"dataType":"Device Info", "deleted":"0", "process_failed_to_decrypt":"0", "process_pending_decryption":"0", "process_success":"43", "total":"43"}}
{"logTime": "0512/033949", "correlationVector":"ScS8y1mfX+43NUL6CsptDE.5","action":"GetUpdates Response", "result":"Success", "context":Received 226 update(s). cV=ScS8y1mfX+43NUL6CsptDE.0;server=akswtt004000002;cloudType=Consumer;environment=Prod_brazilsouth_prod-s01-001-sam-brazilsouth;migrationStage=NotStarted}
{"logTime": "0512/033949", "correlationVector":"CcYzmPP4wSo5DBwAyf9UJl","action":"Initial GetUpdates", "result":"", "context":Reason: NEWLY_SUPPORTED_DATATYPE. cV=CcYzmPP4wSo5DBwAyf9UJl}
{"logTime": "0512/033949", "correlationVector":"CcYzmPP4wSo5DBwAyf9UJl.1","action":"SyncServerConnectionManagerRequest", "result":"SYNC_SERVER_OK", "context":{"environment":"Prod_brazilsouth_prod-s01-001-sam-brazilsouth", "migrationStage":"NotStarted", "server":"akswtt004000004"}}
{"logTime": "0512/033949", "correlationVector":"CcYzmPP4wSo5DBwAyf9UJl.2","action":"ProcessGetUpdates", "result":"Done", "context":{"dataType":"Bookmarks", "deleted":"4", "process_failed_to_decrypt":"0", "process_pending_decryption":"0", "process_success":"59", "total":"59"}}
{"logTime": "0512/033949", "correlationVector":"CcYzmPP4wSo5DBwAyf9UJl.3","action":"GetUpdates Response", "result":"Success", "context":Received 59 update(s). cV=CcYzmPP4wSo5DBwAyf9UJl.0;server=akswtt004000004;cloudType=Consumer;environment=Prod_brazilsouth_prod-s01-001-sam-brazilsouth;migrationStage=NotStarted}
{"logTime": "0512/033949", "correlationVector":"9BDgba88ZDDh7CBZtulCau","action":"Initial GetUpdates", "result":"", "context":Reason: NEWLY_SUPPORTED_DATATYPE. cV=9BDgba88ZDDh7CBZtulCau}
{"logTime": "0512/033950", "correlationVector":"9BDgba88ZDDh7CBZtulCau.1","action":"SyncServerConnectionManagerRequest", "result":"SYNC_SERVER_OK", "context":{"environment":"Prod_brazilsouth_prod-s01-034-sam-brazilsouth", "migrationStage":"NotStarted", "server":"akswtt100000009"}}
{"logTime": "0512/033950", "correlationVector":"9BDgba88ZDDh7CBZtulCau.2","action":"ProcessGetUpdates", "result":"Done", "context":{"dataType":"Autofill Profiles", "deleted":"0", "process_failed_to_decrypt":"0", "process_pending_decryption":"0", "process_success":"52", "total":"52"}}
{"logTime": "0512/033950", "correlationVector":"9BDgba88ZDDh7CBZtulCau.3","action":"ProcessGetUpdates", "result":"Done", "context":{"dataType":"Autofill", "deleted":"0", "process_failed_to_decrypt":"0", "process_pending_decryption":"0", "process_success":"192", "total":"192"}}
{"logTime": "0512/033950", "correlationVector":"9BDgba88ZDDh7CBZtulCau.4","action":"ProcessGetUpdates", "result":"Done", "context":{"dataType":"Extensions", "deleted":"0", "process_failed_to_decrypt":"0", "process_pending_decryption":"0", "process_success":"3", "total":"3"}}
{"logTime": "0512/033950", "correlationVector":"9BDgba88ZDDh7CBZtulCau.5","action":"ProcessGetUpdates", "result":"Done", "context":{"dataType":"Saved Tab Group", "deleted":"3", "process_failed_to_decrypt":"0", "process_pending_decryption":"0", "process_success":"3", "total":"3"}}
{"logTime": "0512/033950", "correlationVector":"9BDgba88ZDDh7CBZtulCau.6","action":"GetUpdates Response", "result":"Success", "context":Received 250 update(s). cV=9BDgba88ZDDh7CBZtulCau.0;server=akswtt100000009;cloudType=Consumer;environment=Prod_brazilsouth_prod-s01-034-sam-brazilsouth;migrationStage=NotStarted Some updates remain.}
{"logTime": "0512/033950", "correlationVector":"dHl1fSdzC+cSXdQSMVbneJ","action":"Initial GetUpdates", "result":"", "context":Reason: NEWLY_SUPPORTED_DATATYPE. cV=dHl1fSdzC+cSXdQSMVbneJ}
{"logTime": "0512/033950", "correlationVector":"dHl1fSdzC+cSXdQSMVbneJ.1","action":"SyncServerConnectionManagerRequest", "result":"SYNC_SERVER_OK", "context":{"environment":"Prod_brazilsouth_prod-s01-034-sam-brazilsouth", "migrationStage":"NotStarted", "server":"akswtt100000006"}}
{"logTime": "0512/033950", "correlationVector":"dHl1fSdzC+cSXdQSMVbneJ.2","action":"ProcessGetUpdates", "result":"Done", "context":{"dataType":"Autofill", "deleted":"0", "process_failed_to_decrypt":"0", "process_pending_decryption":"0", "process_success":"250", "total":"250"}}
{"logTime": "0512/033950", "correlationVector":"dHl1fSdzC+cSXdQSMVbneJ.3","action":"GetUpdates Response", "result":"Success", "context":Received 250 update(s). cV=dHl1fSdzC+cSXdQSMVbneJ.0;server=akswtt100000006;cloudType=Consumer;environment=Prod_brazilsouth_prod-s01-034-sam-brazilsouth;migrationStage=NotStarted Some updates remain.}
{"logTime": "0512/033950", "correlationVector":"5H6Ksnuo0se7znoyDR5Ns8","action":"Initial GetUpdates", "result":"", "context":Reason: NEWLY_SUPPORTED_DATATYPE. cV=5H6Ksnuo0se7znoyDR5Ns8}
{"logTime": "0512/033950", "correlationVector":"5H6Ksnuo0se7znoyDR5Ns8.1","action":"SyncServerConnectionManagerRequest", "result":"SYNC_SERVER_OK", "context":{"environment":"Prod_brazilsouth_prod-s01-034-sam-brazilsouth", "migrationStage":"NotStarted", "server":"akswtt10000000g"}}
{"logTime": "0512/033950", "correlationVector":"5H6Ksnuo0se7znoyDR5Ns8.2","action":"ProcessGetUpdates", "result":"Done", "context":{"dataType":"Autofill", "deleted":"0", "process_failed_to_decrypt":"0", "process_pending_decryption":"0", "process_success":"250", "total":"250"}}
{"logTime": "0512/033950", "correlationVector":"5H6Ksnuo0se7znoyDR5Ns8.3","action":"GetUpdates Response", "result":"Success", "context":Received 250 update(s). cV=5H6Ksnuo0se7znoyDR5Ns8.0;server=akswtt10000000g;cloudType=Consumer;environment=Prod_brazilsouth_prod-s01-034-sam-brazilsouth;migrationStage=NotStarted Some updates remain.}
{"logTime": "0512/033950", "correlationVector":"NT2Tdp7P6QXRiY4rHhizRz","action":"Initial GetUpdates", "result":"", "context":Reason: NEWLY_SUPPORTED_DATATYPE. cV=NT2Tdp7P6QXRiY4rHhizRz}
{"logTime": "0512/033950", "correlationVector":"NT2Tdp7P6QXRiY4rHhizRz.1","action":"SyncServerConnectionManagerRequest", "result":"SYNC_SERVER_OK", "context":{"environment":"Prod_brazilsouth_prod-s01-034-sam-brazilsouth", "migrationStage":"NotStarted", "server":"akswtt100000009"}}
{"logTime": "0512/033950", "correlationVector":"NT2Tdp7P6QXRiY4rHhizRz.2","action":"ProcessGetUpdates", "result":"Done", "context":{"dataType":"Autofill Profiles", "deleted":"0", "process_failed_to_decrypt":"0", "process_pending_decryption":"0", "process_success":"1", "total":"1"}}
{"logTime": "0512/033950", "correlationVector":"NT2Tdp7P6QXRiY4rHhizRz.3","action":"ProcessGetUpdates", "result":"Done", "context":{"dataType":"Autofill", "deleted":"0", "process_failed_to_decrypt":"0", "process_pending_decryption":"0", "process_success":"249", "total":"249"}}
{"logTime": "0512/033950", "correlationVector":"NT2Tdp7P6QXRiY4rHhizRz.4","action":"GetUpdates Response", "result":"Success", "context":Received 250 update(s). cV=NT2Tdp7P6QXRiY4rHhizRz.0;server=akswtt100000009;cloudType=Consumer;environment=Prod_brazilsouth_prod-s01-034-sam-brazilsouth;migrationStage=NotStarted Some updates remain.}
{"logTime": "0512/033950", "correlationVector":"RtBdVhTM7FsKDTPPeDPTu/","action":"Initial GetUpdates", "result":"", "context":Reason: NEWLY_SUPPORTED_DATATYPE. cV=RtBdVhTM7FsKDTPPeDPTu/}
{"logTime": "0512/033951", "correlationVector":"RtBdVhTM7FsKDTPPeDPTu/.1","action":"SyncServerConnectionManagerRequest", "result":"SYNC_SERVER_OK", "context":{"environment":"Prod_brazilsouth_prod-s01-034-sam-brazilsouth", "migrationStage":"NotStarted", "server":"akswtt100000006"}}
{"logTime": "0512/033951", "correlationVector":"RtBdVhTM7FsKDTPPeDPTu/.2","action":"ProcessGetUpdates", "result":"Done", "context":{"dataType":"Autofill Profiles", "deleted":"3", "process_failed_to_decrypt":"0", "process_pending_decryption":"0", "process_success":"4", "total":"4"}}
{"logTime": "0512/033951", "correlationVector":"RtBdVhTM7FsKDTPPeDPTu/.3","action":"ProcessGetUpdates", "result":"Done", "context":{"dataType":"Autofill", "deleted":"0", "process_failed_to_decrypt":"0", "process_pending_decryption":"0", "process_success":"15", "total":"15"}}
{"logTime": "0512/033951", "correlationVector":"RtBdVhTM7FsKDTPPeDPTu/.4","action":"ProcessGetUpdates", "result":"Done", "context":{"dataType":"Sessions", "deleted":"231", "process_failed_to_decrypt":"0", "process_pending_decryption":"0", "process_success":"231", "total":"231"}}
{"logTime": "0512/033951", "correlationVector":"RtBdVhTM7FsKDTPPeDPTu/.5","action":"GetUpdates Response", "result":"Success", "context":Received 250 update(s). cV=RtBdVhTM7FsKDTPPeDPTu/.0;server=akswtt100000006;cloudType=Consumer;environment=Prod_brazilsouth_prod-s01-034-sam-brazilsouth;migrationStage=NotStarted Some updates remain.}
{"logTime": "0512/033951", "correlationVector":"nUMjP4SwRG2072c21xnf6m","action":"Initial GetUpdates", "result":"", "context":Reason: NEWLY_SUPPORTED_DATATYPE. cV=nUMjP4SwRG2072c21xnf6m}
{"logTime": "0512/033951", "correlationVector":"nUMjP4SwRG2072c21xnf6m.1","action":"SyncServerConnectionManagerRequest", "result":"SYNC_SERVER_OK", "context":{"environment":"Prod_brazilsouth_prod-s01-034-sam-brazilsouth", "migrationStage":"NotStarted", "server":"akswtt10000000g"}}
{"logTime": "0512/033951", "correlationVector":"nUMjP4SwRG2072c21xnf6m.2","action":"ProcessGetUpdates", "result":"Done", "context":{"dataType":"Autofill Profiles", "deleted":"2", "process_failed_to_decrypt":"0", "process_pending_decryption":"0", "process_success":"3", "total":"3"}}
{"logTime": "0512/033951", "correlationVector":"nUMjP4SwRG2072c21xnf6m.3","action":"ProcessGetUpdates", "result":"Done", "context":{"dataType":"Autofill", "deleted":"0", "process_failed_to_decrypt":"0", "process_pending_decryption":"0", "process_success":"1", "total":"1"}}
{"logTime": "0512/033951", "correlationVector":"nUMjP4SwRG2072c21xnf6m.4","action":"ProcessGetUpdates", "result":"Done", "context":{"dataType":"Sessions", "deleted":"245", "process_failed_to_decrypt":"0", "process_pending_decryption":"0", "process_success":"245", "total":"245"}}
{"logTime": "0512/033951", "correlationVector":"nUMjP4SwRG2072c21xnf6m.5","action":"ProcessGetUpdates", "result":"Done", "context":{"dataType":"Edge Hub App Usage", "deleted":"1", "process_failed_to_decrypt":"0", "process_pending_decryption":"0", "process_success":"1", "total":"1"}}
{"logTime": "0512/033951", "correlationVector":"nUMjP4SwRG2072c21xnf6m.6","action":"GetUpdates Response", "result":"Success", "context":Received 250 update(s). cV=nUMjP4SwRG2072c21xnf6m.0;server=akswtt10000000g;cloudType=Consumer;environment=Prod_brazilsouth_prod-s01-034-sam-brazilsouth;migrationStage=NotStarted Some updates remain.}
{"logTime": "0512/033951", "correlationVector":"tZvEaO/tMNpaia+stSEGJs","action":"Initial GetUpdates", "result":"", "context":Reason: NEWLY_SUPPORTED_DATATYPE. cV=tZvEaO/tMNpaia+stSEGJs}
{"logTime": "0512/033951", "correlationVector":"tZvEaO/tMNpaia+stSEGJs.1","action":"SyncServerConnectionManagerRequest", "result":"SYNC_SERVER_OK", "context":{"environment":"Prod_brazilsouth_prod-s01-034-sam-brazilsouth", "migrationStage":"NotStarted", "server":"akswtt100000003"}}
{"logTime": "0512/033951", "correlationVector":"tZvEaO/tMNpaia+stSEGJs.2","action":"ProcessGetUpdates", "result":"Done", "context":{"dataType":"Autofill", "deleted":"0", "process_failed_to_decrypt":"0", "process_pending_decryption":"0", "process_success":"8", "total":"8"}}
{"logTime": "0512/033951", "correlationVector":"tZvEaO/tMNpaia+stSEGJs.3","action":"ProcessGetUpdates", "result":"Done", "context":{"dataType":"Sessions", "deleted":"242", "process_failed_to_decrypt":"0", "process_pending_decryption":"0", "process_success":"242", "total":"242"}}
{"logTime": "0512/033951", "correlationVector":"tZvEaO/tMNpaia+stSEGJs.4","action":"GetUpdates Response", "result":"Success", "context":Received 250 update(s). cV=tZvEaO/tMNpaia+stSEGJs.0;server=akswtt100000003;cloudType=Consumer;environment=Prod_brazilsouth_prod-s01-034-sam-brazilsouth;migrationStage=NotStarted Some updates remain.}
{"logTime": "0512/033951", "correlationVector":"hAqg8kBajzMYzFitNjykjI","action":"Initial GetUpdates", "result":"", "context":Reason: NEWLY_SUPPORTED_DATATYPE. cV=hAqg8kBajzMYzFitNjykjI}
{"logTime": "0512/033951", "correlationVector":"hAqg8kBajzMYzFitNjykjI.1","action":"SyncServerConnectionManagerRequest", "result":"SYNC_SERVER_OK", "context":{"environment":"Prod_brazilsouth_prod-s01-034-sam-brazilsouth", "migrationStage":"NotStarted", "server":"akswtt10000000h"}}
{"logTime": "0512/033951", "correlationVector":"hAqg8kBajzMYzFitNjykjI.2","action":"ProcessGetUpdates", "result":"Done", "context":{"dataType":"Autofill Profiles", "deleted":"4", "process_failed_to_decrypt":"0", "process_pending_decryption":"0", "process_success":"4", "total":"4"}}
{"logTime": "0512/033951", "correlationVector":"hAqg8kBajzMYzFitNjykjI.3","action":"ProcessGetUpdates", "result":"Done", "context":{"dataType":"Autofill", "deleted":"0", "process_failed_to_decrypt":"0", "process_pending_decryption":"0", "process_success":"26", "total":"26"}}
{"logTime": "0512/033951", "correlationVector":"hAqg8kBajzMYzFitNjykjI.4","action":"ProcessGetUpdates", "result":"Done", "context":{"dataType":"Sessions", "deleted":"220", "process_failed_to_decrypt":"0", "process_pending_decryption":"0", "process_success":"220", "total":"220"}}
{"logTime": "0512/033951", "correlationVector":"hAqg8kBajzMYzFitNjykjI.5","action":"GetUpdates Response", "result":"Success", "context":Received 250 update(s). cV=hAqg8kBajzMYzFitNjykjI.0;server=akswtt10000000h;cloudType=Consumer;environment=Prod_brazilsouth_prod-s01-034-sam-brazilsouth;migrationStage=NotStarted Some updates remain.}
{"logTime": "0512/033951", "correlationVector":"lBHEf6DmP9iM+NmAcqG04O","action":"Initial GetUpdates", "result":"", "context":Reason: NEWLY_SUPPORTED_DATATYPE. cV=lBHEf6DmP9iM+NmAcqG04O}
{"logTime": "0512/033951", "correlationVector":"lBHEf6DmP9iM+NmAcqG04O.1","action":"SyncServerConnectionManagerRequest", "result":"SYNC_SERVER_OK", "context":{"environment":"Prod_brazilsouth_prod-s01-034-sam-brazilsouth", "migrationStage":"NotStarted", "server":"akswtt100000009"}}
{"logTime": "0512/033951", "correlationVector":"lBHEf6DmP9iM+NmAcqG04O.2","action":"ProcessGetUpdates", "result":"Done", "context":{"dataType":"Autofill Profiles", "deleted":"2", "process_failed_to_decrypt":"0", "process_pending_decryption":"0", "process_success":"2", "total":"2"}}
{"logTime": "0512/033951", "correlationVector":"lBHEf6DmP9iM+NmAcqG04O.3","action":"ProcessGetUpdates", "result":"Done", "context":{"dataType":"Autofill", "deleted":"0", "process_failed_to_decrypt":"0", "process_pending_decryption":"0", "process_success":"26", "total":"26"}}
{"logTime": "0512/033951", "correlationVector":"lBHEf6DmP9iM+NmAcqG04O.4","action":"ProcessGetUpdates", "result":"Done", "context":{"dataType":"Extensions", "deleted":"0", "process_failed_to_decrypt":"0", "process_pending_decryption":"0", "process_success":"1", "total":"1"}}
{"logTime": "0512/033951", "correlationVector":"lBHEf6DmP9iM+NmAcqG04O.5","action":"ProcessGetUpdates", "result":"Done", "context":{"dataType":"Sessions", "deleted":"217", "process_failed_to_decrypt":"0", "process_pending_decryption":"0", "process_success":"217", "total":"217"}}
{"logTime": "0512/033951", "correlationVector":"lBHEf6DmP9iM+NmAcqG04O.6","action":"ProcessGetUpdates", "result":"Done", "context":{"dataType":"Edge Hub App Usage", "deleted":"1", "process_failed_to_decrypt":"0", "process_pending_decryption":"0", "process_success":"4", "total":"4"}}
{"logTime": "0512/033951", "correlationVector":"lBHEf6DmP9iM+NmAcqG04O.7","action":"GetUpdates Response", "result":"Success", "context":Received 250 update(s). cV=lBHEf6DmP9iM+NmAcqG04O.0;server=akswtt100000009;cloudType=Consumer;environment=Prod_brazilsouth_prod-s01-034-sam-brazilsouth;migrationStage=NotStarted Some updates remain.}
{"logTime": "0512/033951", "correlationVector":"1j+BCIThdmllP7O5BkmyhB","action":"Initial GetUpdates", "result":"", "context":Reason: NEWLY_SUPPORTED_DATATYPE. cV=1j+BCIThdmllP7O5BkmyhB}
{"logTime": "0512/033952", "correlationVector":"1j+BCIThdmllP7O5BkmyhB.1","action":"SyncServerConnectionManagerRequest", "result":"SYNC_SERVER_OK", "context":{"environment":"Prod_brazilsouth_prod-s01-034-sam-brazilsouth", "migrationStage":"NotStarted", "server":"akswtt10000000h"}}
{"logTime": "0512/033952", "correlationVector":"1j+BCIThdmllP7O5BkmyhB.2","action":"ProcessGetUpdates", "result":"Done", "context":{"dataType":"Autofill Profiles", "deleted":"5", "process_failed_to_decrypt":"0", "process_pending_decryption":"0", "process_success":"6", "total":"6"}}
{"logTime": "0512/033952", "correlationVector":"1j+BCIThdmllP7O5BkmyhB.3","action":"ProcessGetUpdates", "result":"Done", "context":{"dataType":"Autofill", "deleted":"0", "process_failed_to_decrypt":"0", "process_pending_decryption":"0", "process_success":"7", "total":"7"}}
{"logTime": "0512/033952", "correlationVector":"1j+BCIThdmllP7O5BkmyhB.4","action":"ProcessGetUpdates", "result":"Done", "context":{"dataType":"Sessions", "deleted":"237", "process_failed_to_decrypt":"0", "process_pending_decryption":"0", "process_success":"237", "total":"237"}}
{"logTime": "0512/033952", "correlationVector":"1j+BCIThdmllP7O5BkmyhB.5","action":"GetUpdates Response", "result":"Success", "context":Received 250 update(s). cV=1j+BCIThdmllP7O5BkmyhB.0;server=akswtt10000000h;cloudType=Consumer;environment=Prod_brazilsouth_prod-s01-034-sam-brazilsouth;migrationStage=NotStarted Some updates remain.}
{"logTime": "0512/033952", "correlationVector":"i1yqY7dIpSsXRAd6BffWM/","action":"Initial GetUpdates", "result":"", "context":Reason: NEWLY_SUPPORTED_DATATYPE. cV=i1yqY7dIpSsXRAd6BffWM/}
{"logTime": "0512/033952", "correlationVector":"i1yqY7dIpSsXRAd6BffWM/.1","action":"SyncServerConnectionManagerRequest", "result":"SYNC_SERVER_OK", "context":{"environment":"Prod_brazilsouth_prod-s01-034-sam-brazilsouth", "migrationStage":"NotStarted", "server":"akswtt100000002"}}
{"logTime": "0512/033952", "correlationVector":"i1yqY7dIpSsXRAd6BffWM/.2","action":"ProcessGetUpdates", "result":"Done", "context":{"dataType":"Autofill Profiles", "deleted":"8", "process_failed_to_decrypt":"0", "process_pending_decryption":"0", "process_success":"10", "total":"10"}}
{"logTime": "0512/033952", "correlationVector":"i1yqY7dIpSsXRAd6BffWM/.3","action":"ProcessGetUpdates", "result":"Done", "context":{"dataType":"Autofill", "deleted":"0", "process_failed_to_decrypt":"0", "process_pending_decryption":"0", "process_success":"16", "total":"16"}}
{"logTime": "0512/033952", "correlationVector":"i1yqY7dIpSsXRAd6BffWM/.4","action":"ProcessGetUpdates", "result":"Done", "context":{"dataType":"Extensions", "deleted":"0", "process_failed_to_decrypt":"0", "process_pending_decryption":"0", "process_success":"1", "total":"1"}}
{"logTime": "0512/033952", "correlationVector":"i1yqY7dIpSsXRAd6BffWM/.5","action":"ProcessGetUpdates", "result":"Done", "context":{"dataType":"Sessions", "deleted":"218", "process_failed_to_decrypt":"0", "process_pending_decryption":"0", "process_success":"218", "total":"218"}}
{"logTime": "0512/033952", "correlationVector":"i1yqY7dIpSsXRAd6BffWM/.6","action":"ProcessGetUpdates", "result":"Done", "context":{"dataType":"Saved Tab Group", "deleted":"3", "process_failed_to_decrypt":"0", "process_pending_decryption":"0", "process_success":"3", "total":"3"}}
{"logTime": "0512/033952", "correlationVector":"i1yqY7dIpSsXRAd6BffWM/.7","action":"ProcessGetUpdates", "result":"Done", "context":{"dataType":"Edge Hub App Usage", "deleted":"1", "process_failed_to_decrypt":"0", "process_pending_decryption":"0", "process_success":"2", "total":"2"}}
{"logTime": "0512/033952", "correlationVector":"i1yqY7dIpSsXRAd6BffWM/.8","action":"GetUpdates Response", "result":"Success", "context":Received 250 update(s). cV=i1yqY7dIpSsXRAd6BffWM/.0;server=akswtt100000002;cloudType=Consumer;environment=Prod_brazilsouth_prod-s01-034-sam-brazilsouth;migrationStage=NotStarted Some updates remain.}
{"logTime": "0512/033952", "correlationVector":"DCuVErOAehD6kxPRtWsj1U","action":"Initial GetUpdates", "result":"", "context":Reason: NEWLY_SUPPORTED_DATATYPE. cV=DCuVErOAehD6kxPRtWsj1U}
{"logTime": "0512/033952", "correlationVector":"DCuVErOAehD6kxPRtWsj1U.1","action":"SyncServerConnectionManagerRequest", "result":"SYNC_SERVER_OK", "context":{"environment":"Prod_brazilsouth_prod-s01-034-sam-brazilsouth", "migrationStage":"NotStarted", "server":"akswtt100000009"}}
{"logTime": "0512/033952", "correlationVector":"DCuVErOAehD6kxPRtWsj1U.2","action":"ProcessGetUpdates", "result":"Done", "context":{"dataType":"Autofill Profiles", "deleted":"3", "process_failed_to_decrypt":"0", "process_pending_decryption":"0", "process_success":"4", "total":"4"}}
{"logTime": "0512/033952", "correlationVector":"DCuVErOAehD6kxPRtWsj1U.3","action":"ProcessGetUpdates", "result":"Done", "context":{"dataType":"Autofill", "deleted":"0", "process_failed_to_decrypt":"0", "process_pending_decryption":"0", "process_success":"18", "total":"18"}}
{"logTime": "0512/033952", "correlationVector":"DCuVErOAehD6kxPRtWsj1U.4","action":"ProcessGetUpdates", "result":"Done", "context":{"dataType":"Extensions", "deleted":"0", "process_failed_to_decrypt":"0", "process_pending_decryption":"0", "process_success":"1", "total":"1"}}
{"logTime": "0512/033952", "correlationVector":"DCuVErOAehD6kxPRtWsj1U.5","action":"ProcessGetUpdates", "result":"Done", "context":{"dataType":"Sessions", "deleted":"156", "process_failed_to_decrypt":"0", "process_pending_decryption":"0", "process_success":"168", "total":"168"}}
{"logTime": "0512/033952", "correlationVector":"DCuVErOAehD6kxPRtWsj1U.6","action":"ProcessGetUpdates", "result":"Done", "context":{"dataType":"Saved Tab Group", "deleted":"3", "process_failed_to_decrypt":"0", "process_pending_decryption":"0", "process_success":"3", "total":"3"}}
{"logTime": "0512/033952", "correlationVector":"DCuVErOAehD6kxPRtWsj1U.7","action":"GetUpdates Response", "result":"Success", "context":Received 194 update(s). cV=DCuVErOAehD6kxPRtWsj1U.0;server=akswtt100000009;cloudType=Consumer;environment=Prod_brazilsouth_prod-s01-034-sam-brazilsouth;migrationStage=NotStarted}
{"logTime": "0512/033952", "correlationVector":"AziOp1Cj0SziZUerzrA/7b","action":"Initial GetUpdates", "result":"", "context":Reason: NEWLY_SUPPORTED_DATATYPE. cV=AziOp1Cj0SziZUerzrA/7b}
{"logTime": "0512/033952", "correlationVector":"AziOp1Cj0SziZUerzrA/7b.1","action":"SyncServerConnectionManagerRequest", "result":"SYNC_SERVER_OK", "context":{"environment":"Prod_brazilsouth_prod-s01-034-sam-brazilsouth", "migrationStage":"NotStarted", "server":"akswtt10000000h"}}
{"logTime": "0512/033952", "correlationVector":"AziOp1Cj0SziZUerzrA/7b.2","action":"ProcessGetUpdates", "result":"Done", "context":{"dataType":"History", "deleted":"0", "process_failed_to_decrypt":"0", "process_pending_decryption":"0", "process_success":"250", "total":"250"}}
{"logTime": "0512/033952", "correlationVector":"AziOp1Cj0SziZUerzrA/7b.3","action":"GetUpdates Response", "result":"Success", "context":Received 250 update(s). cV=AziOp1Cj0SziZUerzrA/7b.0;server=akswtt10000000h;cloudType=Consumer;environment=Prod_brazilsouth_prod-s01-034-sam-brazilsouth;migrationStage=NotStarted Some updates remain.}
{"logTime": "0512/033952", "correlationVector":"3uSQ0RdsTYtNfbU7AtmzQk","action":"Initial GetUpdates", "result":"", "context":Reason: NEWLY_SUPPORTED_DATATYPE. cV=3uSQ0RdsTYtNfbU7AtmzQk}
{"logTime": "0512/033952", "correlationVector":"3uSQ0RdsTYtNfbU7AtmzQk.1","action":"SyncServerConnectionManagerRequest", "result":"SYNC_SERVER_OK", "context":{"environment":"Prod_brazilsouth_prod-s01-034-sam-brazilsouth", "migrationStage":"NotStarted", "server":"akswtt100000007"}}
{"logTime": "0512/033952", "correlationVector":"3uSQ0RdsTYtNfbU7AtmzQk.2","action":"ProcessGetUpdates", "result":"Done", "context":{"dataType":"History", "deleted":"0", "process_failed_to_decrypt":"0", "process_pending_decryption":"0", "process_success":"250", "total":"250"}}
{"logTime": "0512/033952", "correlationVector":"3uSQ0RdsTYtNfbU7AtmzQk.3","action":"GetUpdates Response", "result":"Success", "context":Received 250 update(s). cV=3uSQ0RdsTYtNfbU7AtmzQk.0;server=akswtt100000007;cloudType=Consumer;environment=Prod_brazilsouth_prod-s01-034-sam-brazilsouth;migrationStage=NotStarted Some updates remain.}
{"logTime": "0512/033952", "correlationVector":"Ub3PkvbjlnqpGjWrFlPKqp","action":"Initial GetUpdates", "result":"", "context":Reason: NEWLY_SUPPORTED_DATATYPE. cV=Ub3PkvbjlnqpGjWrFlPKqp}
{"logTime": "0512/033953", "correlationVector":"Ub3PkvbjlnqpGjWrFlPKqp.1","action":"SyncServerConnectionManagerRequest", "result":"SYNC_SERVER_OK", "context":{"environment":"Prod_brazilsouth_prod-s01-034-sam-brazilsouth", "migrationStage":"NotStarted", "server":"akswtt10000001d"}}
{"logTime": "0512/033953", "correlationVector":"Ub3PkvbjlnqpGjWrFlPKqp.2","action":"ProcessGetUpdates", "result":"Done", "context":{"dataType":"History", "deleted":"0", "process_failed_to_decrypt":"0", "process_pending_decryption":"0", "process_success":"250", "total":"250"}}
{"logTime": "0512/033953", "correlationVector":"Ub3PkvbjlnqpGjWrFlPKqp.3","action":"GetUpdates Response", "result":"Success", "context":Received 250 update(s). cV=Ub3PkvbjlnqpGjWrFlPKqp.0;server=akswtt10000001d;cloudType=Consumer;environment=Prod_brazilsouth_prod-s01-034-sam-brazilsouth;migrationStage=NotStarted Some updates remain.}
{"logTime": "0512/033953", "correlationVector":"TkjU8IushQjuVeeEYPlG7x","action":"Initial GetUpdates", "result":"", "context":Reason: NEWLY_SUPPORTED_DATATYPE. cV=TkjU8IushQjuVeeEYPlG7x}
{"logTime": "0512/033953", "correlationVector":"TkjU8IushQjuVeeEYPlG7x.1","action":"SyncServerConnectionManagerRequest", "result":"SYNC_SERVER_OK", "context":{"environment":"Prod_brazilsouth_prod-s01-034-sam-brazilsouth", "migrationStage":"NotStarted", "server":"akswtt10000000h"}}
{"logTime": "0512/033953", "correlationVector":"TkjU8IushQjuVeeEYPlG7x.2","action":"ProcessGetUpdates", "result":"Done", "context":{"dataType":"History", "deleted":"0", "process_failed_to_decrypt":"0", "process_pending_decryption":"0", "process_success":"250", "total":"250"}}
{"logTime": "0512/033953", "correlationVector":"TkjU8IushQjuVeeEYPlG7x.3","action":"GetUpdates Response", "result":"Success", "context":Received 250 update(s). cV=TkjU8IushQjuVeeEYPlG7x.0;server=akswtt10000000h;cloudType=Consumer;environment=Prod_brazilsouth_prod-s01-034-sam-brazilsouth;migrationStage=NotStarted Some updates remain.}
{"logTime": "0512/033953", "correlationVector":"r9NF0J/WnCAq4U8gET6XO7","action":"Initial GetUpdates", "result":"", "context":Reason: NEWLY_SUPPORTED_DATATYPE. cV=r9NF0J/WnCAq4U8gET6XO7}
{"logTime": "0512/033953", "correlationVector":"r9NF0J/WnCAq4U8gET6XO7.1","action":"SyncServerConnectionManagerRequest", "result":"SYNC_SERVER_OK", "context":{"environment":"Prod_brazilsouth_prod-s01-034-sam-brazilsouth", "migrationStage":"NotStarted", "server":"akswtt100000003"}}
{"logTime": "0512/033953", "correlationVector":"r9NF0J/WnCAq4U8gET6XO7.2","action":"ProcessGetUpdates", "result":"Done", "context":{"dataType":"History", "deleted":"0", "process_failed_to_decrypt":"0", "process_pending_decryption":"0", "process_success":"250", "total":"250"}}
{"logTime": "0512/033953", "correlationVector":"r9NF0J/WnCAq4U8gET6XO7.3","action":"GetUpdates Response", "result":"Success", "context":Received 250 update(s). cV=r9NF0J/WnCAq4U8gET6XO7.0;server=akswtt100000003;cloudType=Consumer;environment=Prod_brazilsouth_prod-s01-034-sam-brazilsouth;migrationStage=NotStarted Some updates remain.}
{"logTime": "0512/033953", "correlationVector":"3vu4O6MA2iR31cpC1kQI9u","action":"Initial GetUpdates", "result":"", "context":Reason: NEWLY_SUPPORTED_DATATYPE. cV=3vu4O6MA2iR31cpC1kQI9u}
{"logTime": "0512/033953", "correlationVector":"3vu4O6MA2iR31cpC1kQI9u.1","action":"SyncServerConnectionManagerRequest", "result":"SYNC_SERVER_OK", "context":{"environment":"Prod_brazilsouth_prod-s01-034-sam-brazilsouth", "migrationStage":"NotStarted", "server":"akswtt100000006"}}
{"logTime": "0512/033953", "correlationVector":"3vu4O6MA2iR31cpC1kQI9u.2","action":"ProcessGetUpdates", "result":"Done", "context":{"dataType":"History", "deleted":"0", "process_failed_to_decrypt":"0", "process_pending_decryption":"0", "process_success":"250", "total":"250"}}
{"logTime": "0512/033953", "correlationVector":"3vu4O6MA2iR31cpC1kQI9u.3","action":"GetUpdates Response", "result":"Success", "context":Received 250 update(s). cV=3vu4O6MA2iR31cpC1kQI9u.0;server=akswtt100000006;cloudType=Consumer;environment=Prod_brazilsouth_prod-s01-034-sam-brazilsouth;migrationStage=NotStarted Some updates remain.}
{"logTime": "0512/033953", "correlationVector":"X0L/eISdV3vdpY9RIUjkca","action":"Initial GetUpdates", "result":"", "context":Reason: NEWLY_SUPPORTED_DATATYPE. cV=X0L/eISdV3vdpY9RIUjkca}
{"logTime": "0512/033954", "correlationVector":"X0L/eISdV3vdpY9RIUjkca.1","action":"SyncServerConnectionManagerRequest", "result":"SYNC_SERVER_OK", "context":{"environment":"Prod_brazilsouth_prod-s01-034-sam-brazilsouth", "migrationStage":"NotStarted", "server":"akswtt100000002"}}
{"logTime": "0512/033954", "correlationVector":"X0L/eISdV3vdpY9RIUjkca.2","action":"ProcessGetUpdates", "result":"Done", "context":{"dataType":"History", "deleted":"0", "process_failed_to_decrypt":"0", "process_pending_decryption":"0", "process_success":"250", "total":"250"}}
{"logTime": "0512/033954", "correlationVector":"X0L/eISdV3vdpY9RIUjkca.3","action":"GetUpdates Response", "result":"Success", "context":Received 250 update(s). cV=X0L/eISdV3vdpY9RIUjkca.0;server=akswtt100000002;cloudType=Consumer;environment=Prod_brazilsouth_prod-s01-034-sam-brazilsouth;migrationStage=NotStarted Some updates remain.}
{"logTime": "0512/033954", "correlationVector":"Lg2UUCbtj+EEkZD+LdhINQ","action":"Initial GetUpdates", "result":"", "context":Reason: NEWLY_SUPPORTED_DATATYPE. cV=Lg2UUCbtj+EEkZD+LdhINQ}
{"logTime": "0512/033954", "correlationVector":"Lg2UUCbtj+EEkZD+LdhINQ.1","action":"SyncServerConnectionManagerRequest", "result":"SYNC_SERVER_OK", "context":{"environment":"Prod_brazilsouth_prod-s01-034-sam-brazilsouth", "migrationStage":"NotStarted", "server":"akswtt10000000h"}}
{"logTime": "0512/033954", "correlationVector":"Lg2UUCbtj+EEkZD+LdhINQ.2","action":"ProcessGetUpdates", "result":"Done", "context":{"dataType":"History", "deleted":"0", "process_failed_to_decrypt":"0", "process_pending_decryption":"0", "process_success":"250", "total":"250"}}
{"logTime": "0512/033954", "correlationVector":"Lg2UUCbtj+EEkZD+LdhINQ.3","action":"GetUpdates Response", "result":"Success", "context":Received 250 update(s). cV=Lg2UUCbtj+EEkZD+LdhINQ.0;server=akswtt10000000h;cloudType=Consumer;environment=Prod_brazilsouth_prod-s01-034-sam-brazilsouth;migrationStage=NotStarted Some updates remain.}
{"logTime": "0512/033954", "correlationVector":"xYnnIh4OlLoAIIfICw8Jpm","action":"Initial GetUpdates", "result":"", "context":Reason: NEWLY_SUPPORTED_DATATYPE. cV=xYnnIh4OlLoAIIfICw8Jpm}
{"logTime": "0512/033954", "correlationVector":"xYnnIh4OlLoAIIfICw8Jpm.1","action":"SyncServerConnectionManagerRequest", "result":"SYNC_SERVER_OK", "context":{"environment":"Prod_brazilsouth_prod-s01-034-sam-brazilsouth", "migrationStage":"NotStarted", "server":"akswtt10000000h"}}
{"logTime": "0512/033954", "correlationVector":"xYnnIh4OlLoAIIfICw8Jpm.2","action":"ProcessGetUpdates", "result":"Done", "context":{"dataType":"History", "deleted":"0", "process_failed_to_decrypt":"0", "process_pending_decryption":"0", "process_success":"250", "total":"250"}}
{"logTime": "0512/033954", "correlationVector":"xYnnIh4OlLoAIIfICw8Jpm.3","action":"GetUpdates Response", "result":"Success", "context":Received 250 update(s). cV=xYnnIh4OlLoAIIfICw8Jpm.0;server=akswtt10000000h;cloudType=Consumer;environment=Prod_brazilsouth_prod-s01-034-sam-brazilsouth;migrationStage=NotStarted Some updates remain.}
{"logTime": "0512/033954", "correlationVector":"a2C6//ZwsdBuM7VBTrfecu","action":"Initial GetUpdates", "result":"", "context":Reason: NEWLY_SUPPORTED_DATATYPE. cV=a2C6//ZwsdBuM7VBTrfecu}
{"logTime": "0512/033954", "correlationVector":"a2C6//ZwsdBuM7VBTrfecu.1","action":"SyncServerConnectionManagerRequest", "result":"SYNC_SERVER_OK", "context":{"environment":"Prod_brazilsouth_prod-s01-034-sam-brazilsouth", "migrationStage":"NotStarted", "server":"akswtt10000000h"}}
{"logTime": "0512/033954", "correlationVector":"a2C6//ZwsdBuM7VBTrfecu.2","action":"ProcessGetUpdates", "result":"Done", "context":{"dataType":"History", "deleted":"0", "process_failed_to_decrypt":"0", "process_pending_decryption":"0", "process_success":"250", "total":"250"}}
{"logTime": "0512/033954", "correlationVector":"a2C6//ZwsdBuM7VBTrfecu.3","action":"GetUpdates Response", "result":"Success", "context":Received 250 update(s). cV=a2C6//ZwsdBuM7VBTrfecu.0;server=akswtt10000000h;cloudType=Consumer;environment=Prod_brazilsouth_prod-s01-034-sam-brazilsouth;migrationStage=NotStarted Some updates remain.}
{"logTime": "0512/033954", "correlationVector":"/Bs885kc+IgRmX5LioQm0F","action":"Initial GetUpdates", "result":"", "context":Reason: NEWLY_SUPPORTED_DATATYPE. cV=/Bs885kc+IgRmX5LioQm0F}
{"logTime": "0512/033955", "correlationVector":"/Bs885kc+IgRmX5LioQm0F.1","action":"SyncServerConnectionManagerRequest", "result":"SYNC_SERVER_OK", "context":{"environment":"Prod_brazilsouth_prod-s01-034-sam-brazilsouth", "migrationStage":"NotStarted", "server":"akswtt100000006"}}
{"logTime": "0512/033955", "correlationVector":"/Bs885kc+IgRmX5LioQm0F.2","action":"ProcessGetUpdates", "result":"Done", "context":{"dataType":"History", "deleted":"0", "process_failed_to_decrypt":"0", "process_pending_decryption":"0", "process_success":"250", "total":"250"}}
{"logTime": "0512/033955", "correlationVector":"/Bs885kc+IgRmX5LioQm0F.3","action":"GetUpdates Response", "result":"Success", "context":Received 250 update(s). cV=/Bs885kc+IgRmX5LioQm0F.0;server=akswtt100000006;cloudType=Consumer;environment=Prod_brazilsouth_prod-s01-034-sam-brazilsouth;migrationStage=NotStarted Some updates remain.}
{"logTime": "0512/033955", "correlationVector":"CjFrD9HUR7ZruS9xoEQZ2w","action":"Initial GetUpdates", "result":"", "context":Reason: NEWLY_SUPPORTED_DATATYPE. cV=CjFrD9HUR7ZruS9xoEQZ2w}
{"logTime": "0512/033955", "correlationVector":"CjFrD9HUR7ZruS9xoEQZ2w.1","action":"SyncServerConnectionManagerRequest", "result":"SYNC_SERVER_OK", "context":{"environment":"Prod_brazilsouth_prod-s01-034-sam-brazilsouth", "migrationStage":"NotStarted", "server":"akswtt100000002"}}
{"logTime": "0512/033955", "correlationVector":"CjFrD9HUR7ZruS9xoEQZ2w.2","action":"ProcessGetUpdates", "result":"Done", "context":{"dataType":"History", "deleted":"0", "process_failed_to_decrypt":"0", "process_pending_decryption":"0", "process_success":"250", "total":"250"}}
{"logTime": "0512/033955", "correlationVector":"CjFrD9HUR7ZruS9xoEQZ2w.3","action":"GetUpdates Response", "result":"Success", "context":Received 250 update(s). cV=CjFrD9HUR7ZruS9xoEQZ2w.0;server=akswtt100000002;cloudType=Consumer;environment=Prod_brazilsouth_prod-s01-034-sam-brazilsouth;migrationStage=NotStarted Some updates remain.}
{"logTime": "0512/033955", "correlationVector":"BT1PuurqYE0avCikQiuFfT","action":"Initial GetUpdates", "result":"", "context":Reason: NEWLY_SUPPORTED_DATATYPE. cV=BT1PuurqYE0avCikQiuFfT}
{"logTime": "0512/033955", "correlationVector":"BT1PuurqYE0avCikQiuFfT.1","action":"SyncServerConnectionManagerRequest", "result":"SYNC_SERVER_OK", "context":{"environment":"Prod_brazilsouth_prod-s01-034-sam-brazilsouth", "migrationStage":"NotStarted", "server":"akswtt100000007"}}
{"logTime": "0512/033955", "correlationVector":"BT1PuurqYE0avCikQiuFfT.2","action":"ProcessGetUpdates", "result":"Done", "context":{"dataType":"History", "deleted":"0", "process_failed_to_decrypt":"0", "process_pending_decryption":"0", "process_success":"250", "total":"250"}}
{"logTime": "0512/033955", "correlationVector":"BT1PuurqYE0avCikQiuFfT.3","action":"GetUpdates Response", "result":"Success", "context":Received 250 update(s). cV=BT1PuurqYE0avCikQiuFfT.0;server=akswtt100000007;cloudType=Consumer;environment=Prod_brazilsouth_prod-s01-034-sam-brazilsouth;migrationStage=NotStarted Some updates remain.}
{"logTime": "0512/033955", "correlationVector":"eLzQ6as/OIwb80q+cfy4SX","action":"Initial GetUpdates", "result":"", "context":Reason: NEWLY_SUPPORTED_DATATYPE. cV=eLzQ6as/OIwb80q+cfy4SX}
{"logTime": "0512/033955", "correlationVector":"eLzQ6as/OIwb80q+cfy4SX.1","action":"SyncServerConnectionManagerRequest", "result":"SYNC_SERVER_OK", "context":{"environment":"Prod_brazilsouth_prod-s01-034-sam-brazilsouth", "migrationStage":"NotStarted", "server":"akswtt100000002"}}
{"logTime": "0512/033955", "correlationVector":"eLzQ6as/OIwb80q+cfy4SX.2","action":"ProcessGetUpdates", "result":"Done", "context":{"dataType":"History", "deleted":"0", "process_failed_to_decrypt":"0", "process_pending_decryption":"0", "process_success":"250", "total":"250"}}
{"logTime": "0512/033955", "correlationVector":"eLzQ6as/OIwb80q+cfy4SX.3","action":"GetUpdates Response", "result":"Success", "context":Received 250 update(s). cV=eLzQ6as/OIwb80q+cfy4SX.0;server=akswtt100000002;cloudType=Consumer;environment=Prod_brazilsouth_prod-s01-034-sam-brazilsouth;migrationStage=NotStarted Some updates remain.}
{"logTime": "0512/033955", "correlationVector":"/bWFbbsWQ5SYOKqUXScd5S","action":"Initial GetUpdates", "result":"", "context":Reason: NEWLY_SUPPORTED_DATATYPE. cV=/bWFbbsWQ5SYOKqUXScd5S}
{"logTime": "0512/033956", "correlationVector":"/bWFbbsWQ5SYOKqUXScd5S.1","action":"SyncServerConnectionManagerRequest", "result":"SYNC_SERVER_OK", "context":{"environment":"Prod_brazilsouth_prod-s01-034-sam-brazilsouth", "migrationStage":"NotStarted", "server":"akswtt10000000h"}}
{"logTime": "0512/033956", "correlationVector":"/bWFbbsWQ5SYOKqUXScd5S.2","action":"ProcessGetUpdates", "result":"Done", "context":{"dataType":"History", "deleted":"0", "process_failed_to_decrypt":"0", "process_pending_decryption":"0", "process_success":"141", "total":"141"}}
{"logTime": "0512/033956", "correlationVector":"/bWFbbsWQ5SYOKqUXScd5S.3","action":"GetUpdates Response", "result":"Success", "context":Received 141 update(s). cV=/bWFbbsWQ5SYOKqUXScd5S.0;server=akswtt10000000h;cloudType=Consumer;environment=Prod_brazilsouth_prod-s01-034-sam-brazilsouth;migrationStage=NotStarted}
{"logTime": "0512/033956", "correlationVector":"/W8OR5ujpwIMjr3brsYmLu","action":"Normal GetUpdate request", "result":"", "context":cV=/W8OR5ujpwIMjr3brsYmLu
Nudged types: Sessions, Device Info, History
Refresh requested types: Bookmarks, Preferences, Passwords, Autofill Profiles, Autofill, Extensions, Sessions, Extension settings, History Delete Directives, Device Info, User Consents, Send Tab To Self, Web Apps, History, Saved Tab Group, WebAuthn Credentials, Collection, Edge E Drop, Edge Hub App Usage, Edge Wallet, Edge Workspace, Encryption Keys}
{"logTime": "0512/033956", "correlationVector":"/W8OR5ujpwIMjr3brsYmLu.1","action":"SyncServerConnectionManagerRequest", "result":"SYNC_SERVER_OK", "context":{"environment":"Prod_brazilsouth_prod-s01-034-sam-brazilsouth", "migrationStage":"NotStarted", "server":"akswtt100000003"}}
{"logTime": "0512/033956", "correlationVector":"/W8OR5ujpwIMjr3brsYmLu.2","action":"GetUpdates Response", "result":"Success", "context":Received 0 update(s). cV=/W8OR5ujpwIMjr3brsYmLu.0;server=akswtt100000003;cloudType=Consumer;environment=Prod_brazilsouth_prod-s01-034-sam-brazilsouth;migrationStage=NotStarted}
{"logTime": "0512/033956", "correlationVector":"PsfO0yY2xjC62uo9D68hHm","action":"Commit Request", "result":"", "context":Item count: 4
Contributing types: Sessions, Device Info, History}
{"logTime": "0512/033956", "correlationVector":"PsfO0yY2xjC62uo9D68hHm.1","action":"SyncServerConnectionManagerRequest", "result":"SYNC_SERVER_OK", "context":{"environment":"Prod_brazilsouth_prod-s01-034-sam-brazilsouth", "migrationStage":"NotStarted", "server":"akswtt100000007"}}
{"logTime": "0512/033956", "correlationVector":"PsfO0yY2xjC62uo9D68hHm.2","action":"Commit Response", "result":"Success", "context":Result: Success. cV=PsfO0yY2xjC62uo9D68hHm.0;server=akswtt100000007;cloudType=Consumer;environment=Prod_brazilsouth_prod-s01-034-sam-brazilsouth;migrationStage=NotStarted}
{"logTime": "0512/034048", "correlationVector":"clIS8lOm7PHj713a9Ee4vU","action":"Commit Request", "result":"", "context":Item count: 2
Contributing types: Preferences, History}
{"logTime": "0512/034048", "correlationVector":"clIS8lOm7PHj713a9Ee4vU.1","action":"SyncServerConnectionManagerRequest", "result":"SYNC_SERVER_OK", "context":{"environment":"Prod_brazilsouth_prod-s01-034-sam-brazilsouth", "migrationStage":"NotStarted", "server":"akswtt100000003"}}
{"logTime": "0512/034048", "correlationVector":"clIS8lOm7PHj713a9Ee4vU.2","action":"Commit Response", "result":"Success", "context":Result: Success. cV=clIS8lOm7PHj713a9Ee4vU.0;server=akswtt100000003;cloudType=Consumer;environment=Prod_brazilsouth_prod-s01-034-sam-brazilsouth;migrationStage=NotStarted}
